#
# There is insufficient memory for the Java Runtime Environment to continue.
# Native memory allocation (mmap) failed to map 134217728 bytes for G1 virtual space
# Possible reasons:
#   The system is out of physical RAM or swap space
#   The process is running with CompressedOops enabled, and the Java Heap may be blocking the growth of the native heap
# Possible solutions:
#   Reduce memory load on the system
#   Increase physical memory or swap space
#   Check if swap backing store is full
#   Decrease Java heap size (-Xmx/-Xms)
#   Decrease number of Java threads
#   Decrease Java thread stack sizes (-Xss)
#   Set larger code cache with -XX:ReservedCodeCacheSize=
#   JVM is running with Unscaled Compressed Oops mode in which the Java heap is
#     placed in the first 4GB address space. The Java Heap base address is the
#     maximum limit for the native heap growth. Please use -XX:HeapBaseMinAddress
#     to set the Java Heap base and to place the Java Heap above 4GB virtual address.
# This output file may be truncated or incomplete.
#
#  Out of Memory Error (os_windows.cpp:3617), pid=10224, tid=4924
#
# JRE version:  (17.0.8.1+1) (build )
# Java VM: OpenJDK 64-Bit Server VM (17.0.8.1+1, mixed mode, sharing, tiered, compressed oops, compressed class ptrs, g1 gc, windows-amd64)
# No core dump will be written. Minidumps are not enabled by default on client versions of Windows
#

---------------  S U M M A R Y ------------

Command Line: -Dfile.encoding=UTF-8 -Dstdout.encoding=UTF-8 -Dstderr.encoding=UTF-8 -XX:+ShowCodeDetailsInExceptionMessages edureka.demo

Host: Intel(R) Core(TM) i5-8250U CPU @ 1.60GHz, 8 cores, 7G,  Windows 10 , 64 bit Build 19041 (10.0.19041.3636)
Time: Fri Nov 17 15:11:03 2023 India Standard Time elapsed time: 0.009613 seconds (0d 0h 0m 0s)

---------------  T H R E A D  ---------------

Current thread (0x0000020e1afd1ff0):  JavaThread "Unknown thread" [_thread_in_vm, id=4924, stack(0x0000009b06000000,0x0000009b06100000)]

Stack: [0x0000009b06000000,0x0000009b06100000]
Native frames: (J=compiled Java code, j=interpreted, Vv=VM code, C=native code)
V  [jvm.dll+0x678b0a]
V  [jvm.dll+0x835e84]
V  [jvm.dll+0x83762e]
V  [jvm.dll+0x837c93]
V  [jvm.dll+0x24746f]
V  [jvm.dll+0x675859]
V  [jvm.dll+0x66a0ea]
V  [jvm.dll+0x306c7b]
V  [jvm.dll+0x30e166]
V  [jvm.dll+0x35dd3e]
V  [jvm.dll+0x35df6f]
V  [jvm.dll+0x2ddb48]
V  [jvm.dll+0x2deab4]
V  [jvm.dll+0x807f31]
V  [jvm.dll+0x36bb21]
V  [jvm.dll+0x7e733c]
V  [jvm.dll+0x3ee4af]
V  [jvm.dll+0x3f00c1]
C  [jli.dll+0x528b]
C  [ucrtbase.dll+0x21bb2]
C  [KERNEL32.DLL+0x17344]
C  [ntdll.dll+0x526b1]


---------------  P R O C E S S  ---------------

Threads class SMR info:
_java_thread_list=0x00007ffd6731a018, length=0, elements={
}

Java Threads: ( => current thread )

Other Threads:
  0x0000020e1b0300c0 GCTaskThread "GC Thread#0" [stack: 0x0000009b06100000,0x0000009b06200000] [id=12956]
  0x0000020e1b0412e0 ConcurrentGCThread "G1 Main Marker" [stack: 0x0000009b06200000,0x0000009b06300000] [id=2148]
  0x0000020e1b041aa0 ConcurrentGCThread "G1 Conc#0" [stack: 0x0000009b06300000,0x0000009b06400000] [id=9164]

[error occurred during error reporting (printing all threads), id 0xc0000005, EXCEPTION_ACCESS_VIOLATION (0xc0000005) at pc=0x00007ffd66aee587]

VM state: not at safepoint (not fully initialized)

VM Mutex/Monitor currently owned by a thread:  ([mutex/lock_event])
[0x0000020e1afcb760] Heap_lock - owner thread: 0x0000020e1afd1ff0

Heap address: 0x0000000081400000, size: 2028 MB, Compressed Oops mode: 32-bit

CDS archive(s) mapped at: [0x0000000000000000-0x0000000000000000-0x0000000000000000), size 0, SharedBaseAddress: 0x0000000800000000, ArchiveRelocationMode: 1.
Narrow klass base: 0x0000000000000000, Narrow klass shift: 0, Narrow klass range: 0x0

GC Precious Log:
<Empty>

Heap:
 garbage-first heap   total 0K, used 0K [0x0000000081400000, 0x0000000100000000)
  region size 1024K, 0 young (0K), 0 survivors (0K)

[error occurred during error reporting (printing heap information), id 0xc0000005, EXCEPTION_ACCESS_VIOLATION (0xc0000005) at pc=0x00007ffd66ed2699]

GC Heap History (0 events):
No events

Dll operation events (1 events):
Event: 0.006 Loaded shared library C:\Users\Windows 10\Downloads\eclipse-java-2023-09-R-win32-x86_64\plugins\org.eclipse.justj.openjdk.hotspot.jre.full.win32.x86_64_17.0.8.v20230831-1047\jre\bin\java.dll

Deoptimization events (0 events):
No events

Classes unloaded (0 events):
No events

Classes redefined (0 events):
No events

Internal exceptions (0 events):
No events

VM Operations (0 events):
No events

Events (0 events):
No events


Dynamic libraries:
0x00007ff7b9630000 - 0x00007ff7b963e000 	C:\Users\Windows 10\Downloads\eclipse-java-2023-09-R-win32-x86_64\plugins\org.eclipse.justj.openjdk.hotspot.jre.full.win32.x86_64_17.0.8.v20230831-1047\jre\bin\javaw.exe
0x00007ffdcbd10000 - 0x00007ffdcbf08000 	C:\WINDOWS\SYSTEM32\ntdll.dll
0x00007ffdcaab0000 - 0x00007ffdcab6d000 	C:\WINDOWS\System32\KERNEL32.DLL
0x00007ffdc9780000 - 0x00007ffdc9a76000 	C:\WINDOWS\System32\KERNELBASE.dll
0x00007ffdc93f0000 - 0x00007ffdc94f0000 	C:\WINDOWS\System32\ucrtbase.dll
0x00007ffdc0320000 - 0x00007ffdc0337000 	C:\Users\Windows 10\Downloads\eclipse-java-2023-09-R-win32-x86_64\plugins\org.eclipse.justj.openjdk.hotspot.jre.full.win32.x86_64_17.0.8.v20230831-1047\jre\bin\jli.dll
0x00007ffdc00e0000 - 0x00007ffdc00f9000 	C:\Users\Windows 10\Downloads\eclipse-java-2023-09-R-win32-x86_64\plugins\org.eclipse.justj.openjdk.hotspot.jre.full.win32.x86_64_17.0.8.v20230831-1047\jre\bin\VCRUNTIME140.dll
0x00007ffdcbad0000 - 0x00007ffdcbc6e000 	C:\WINDOWS\System32\USER32.dll
0x00007ffdc9630000 - 0x00007ffdc9652000 	C:\WINDOWS\System32\win32u.dll
0x00007ffdb2af0000 - 0x00007ffdb2d8a000 	C:\WINDOWS\WinSxS\amd64_microsoft.windows.common-controls_6595b64144ccf1df_6.0.19041.3636_none_60b6a03d71f818d5\COMCTL32.dll
0x00007ffdca6e0000 - 0x00007ffdca70c000 	C:\WINDOWS\System32\GDI32.dll
0x00007ffdca8e0000 - 0x00007ffdca97e000 	C:\WINDOWS\System32\msvcrt.dll
0x00007ffdc9660000 - 0x00007ffdc977a000 	C:\WINDOWS\System32\gdi32full.dll
0x00007ffdc9590000 - 0x00007ffdc962d000 	C:\WINDOWS\System32\msvcp_win.dll
0x00007ffdc9f30000 - 0x00007ffdc9f60000 	C:\WINDOWS\System32\IMM32.DLL
0x00007ffdc3fa0000 - 0x00007ffdc3fac000 	C:\Users\Windows 10\Downloads\eclipse-java-2023-09-R-win32-x86_64\plugins\org.eclipse.justj.openjdk.hotspot.jre.full.win32.x86_64_17.0.8.v20230831-1047\jre\bin\vcruntime140_1.dll
0x00007ffd9d300000 - 0x00007ffd9d391000 	C:\Users\Windows 10\Downloads\eclipse-java-2023-09-R-win32-x86_64\plugins\org.eclipse.justj.openjdk.hotspot.jre.full.win32.x86_64_17.0.8.v20230831-1047\jre\bin\msvcp140.dll
0x00007ffd66800000 - 0x00007ffd6744c000 	C:\Users\Windows 10\Downloads\eclipse-java-2023-09-R-win32-x86_64\plugins\org.eclipse.justj.openjdk.hotspot.jre.full.win32.x86_64_17.0.8.v20230831-1047\jre\bin\server\jvm.dll
0x00007ffdca980000 - 0x00007ffdcaa2f000 	C:\WINDOWS\System32\ADVAPI32.dll
0x00007ffdc9e30000 - 0x00007ffdc9ecc000 	C:\WINDOWS\System32\sechost.dll
0x00007ffdcaca0000 - 0x00007ffdcadc6000 	C:\WINDOWS\System32\RPCRT4.dll
0x00007ffdc89a0000 - 0x00007ffdc89eb000 	C:\WINDOWS\SYSTEM32\POWRPROF.dll
0x00007ffdb29a0000 - 0x00007ffdb29c7000 	C:\WINDOWS\SYSTEM32\WINMM.dll
0x00007ffdb4be0000 - 0x00007ffdb4be9000 	C:\WINDOWS\SYSTEM32\WSOCK32.dll
0x00007ffdc0ee0000 - 0x00007ffdc0eea000 	C:\WINDOWS\SYSTEM32\VERSION.dll
0x00007ffdcaa40000 - 0x00007ffdcaaab000 	C:\WINDOWS\System32\WS2_32.dll
0x00007ffdc8970000 - 0x00007ffdc8982000 	C:\WINDOWS\SYSTEM32\UMPDC.dll
0x00007ffdc7c90000 - 0x00007ffdc7ca2000 	C:\WINDOWS\SYSTEM32\kernel.appcore.dll
0x00007ffdc3fd0000 - 0x00007ffdc3fda000 	C:\Users\Windows 10\Downloads\eclipse-java-2023-09-R-win32-x86_64\plugins\org.eclipse.justj.openjdk.hotspot.jre.full.win32.x86_64_17.0.8.v20230831-1047\jre\bin\jimage.dll
0x00007ffdc7970000 - 0x00007ffdc7b54000 	C:\WINDOWS\SYSTEM32\DBGHELP.DLL
0x00007ffdb7280000 - 0x00007ffdb72b4000 	C:\WINDOWS\SYSTEM32\dbgcore.DLL
0x00007ffdc9ad0000 - 0x00007ffdc9b52000 	C:\WINDOWS\System32\bcryptPrimitives.dll
0x00007ffdc0340000 - 0x00007ffdc0365000 	C:\Users\Windows 10\Downloads\eclipse-java-2023-09-R-win32-x86_64\plugins\org.eclipse.justj.openjdk.hotspot.jre.full.win32.x86_64_17.0.8.v20230831-1047\jre\bin\java.dll

dbghelp: loaded successfully - version: 4.0.5 - missing functions: none
symbol engine: initialized successfully - sym options: 0x614 - pdb path: .;C:\Users\Windows 10\Downloads\eclipse-java-2023-09-R-win32-x86_64\plugins\org.eclipse.justj.openjdk.hotspot.jre.full.win32.x86_64_17.0.8.v20230831-1047\jre\bin;C:\WINDOWS\SYSTEM32;C:\WINDOWS\WinSxS\amd64_microsoft.windows.common-controls_6595b64144ccf1df_6.0.19041.3636_none_60b6a03d71f818d5;C:\Users\Windows 10\Downloads\eclipse-java-2023-09-R-win32-x86_64\plugins\org.eclipse.justj.openjdk.hotspot.jre.full.win32.x86_64_17.0.8.v20230831-1047\jre\bin\server

VM Arguments:
jvm_args: -Dfile.encoding=UTF-8 -Dstdout.encoding=UTF-8 -Dstderr.encoding=UTF-8 -XX:+ShowCodeDetailsInExceptionMessages 
java_command: edureka.demo
java_class_path (initial): C:\Users\Windows 10\git\Seleniumdemoedureka\bin;C:\Selenium webdriver\selenium-java-4.15.0\lib\auto-service-annotations-1.1.1.jar;C:\Selenium webdriver\selenium-java-4.15.0\lib\byte-buddy-1.14.5.jar;C:\Selenium webdriver\selenium-java-4.15.0\lib\checker-qual-3.33.0.jar;C:\Selenium webdriver\selenium-java-4.15.0\lib\commons-exec-1.3.jar;C:\Selenium webdriver\selenium-java-4.15.0\lib\error_prone_annotations-2.18.0.jar;C:\Selenium webdriver\selenium-java-4.15.0\lib\failsafe-3.3.2.jar;C:\Selenium webdriver\selenium-java-4.15.0\lib\failureaccess-1.0.1.jar;C:\Selenium webdriver\selenium-java-4.15.0\lib\guava-32.1.2-jre.jar;C:\Selenium webdriver\selenium-java-4.15.0\lib\j2objc-annotations-2.8.jar;C:\Selenium webdriver\selenium-java-4.15.0\lib\jsr305-3.0.2.jar;C:\Selenium webdriver\selenium-java-4.15.0\lib\listenablefuture-9999.0-empty-to-avoid-conflict-with-guava.jar;C:\Selenium webdriver\selenium-java-4.15.0\lib\opentelemetry-api-1.28.0.jar;C:\Selenium webdriver\selenium-java-4.15.0\lib\opentelemetry-api-events-1.28.0-alpha.jar;C:\Selenium webdriver\selenium-java-4.15.0\lib\opentelemetry-context-1.28.0.jar;C:\Selenium webdriver\selenium-java-4.15.0\lib\opentelemetry-exporter-logging-1.28.0.jar;C:\Selenium webdriver\selenium-java-4.15.0\lib\opentelemetry-extension-incubator-1.28.0-alpha.jar;C:\Selenium webdriver\selenium-java-4.15.0\lib\opentelemetry-sdk-1.28.0.jar;C:\Selenium webdriver\selenium-java-4.15.0\lib\opentelemetry-sdk-common-1.28.0.jar;C:\Selenium webdriver\selenium-java-4.15.0\lib\opentelemetry-sdk-extension-autoconfigure-1.28.0.jar;C:\Selenium webdriver\selenium-java-4.15.0\lib\opentelemetry-sdk-extension-autoconfigure-spi-1.28.0.jar;C:\Selenium webdriver\selenium-java-4.15.0\lib\opentelemetry-sdk-logs-1.28.0.jar;C:\Selenium webdriver\selenium-java-4.15.0\lib\opentelemetry-sdk-metrics-1.28.0.jar;C:\Selenium webdriver\selenium-java-4.15.0\lib\opentelemetry-sdk-trace-1.28.0.jar;C:\Selenium webdriver\selenium-java-4.15.0\lib\opentelem
Launcher Type: SUN_STANDARD

[Global flags]
     intx CICompilerCount                          = 4                                         {product} {ergonomic}
     uint ConcGCThreads                            = 2                                         {product} {ergonomic}
     uint G1ConcRefinementThreads                  = 8                                         {product} {ergonomic}
   size_t G1HeapRegionSize                         = 1048576                                   {product} {ergonomic}
    uintx GCDrainStackTargetSize                   = 64                                        {product} {ergonomic}
   size_t InitialHeapSize                          = 134217728                                 {product} {ergonomic}
   size_t MarkStackSize                            = 4194304                                   {product} {ergonomic}
   size_t MaxHeapSize                              = 2126512128                                {product} {ergonomic}
   size_t MinHeapDeltaBytes                        = 1048576                                   {product} {ergonomic}
   size_t MinHeapSize                              = 8388608                                   {product} {ergonomic}
    uintx NonNMethodCodeHeapSize                   = 5839372                                {pd product} {ergonomic}
    uintx NonProfiledCodeHeapSize                  = 122909434                              {pd product} {ergonomic}
    uintx ProfiledCodeHeapSize                     = 122909434                              {pd product} {ergonomic}
    uintx ReservedCodeCacheSize                    = 251658240                              {pd product} {ergonomic}
     bool SegmentedCodeCache                       = true                                      {product} {ergonomic}
     bool ShowCodeDetailsInExceptionMessages       = true                                   {manageable} {command line}
   size_t SoftMaxHeapSize                          = 2126512128                             {manageable} {ergonomic}
     bool UseCompressedClassPointers               = true                           {product lp64_product} {ergonomic}
     bool UseCompressedOops                        = true                           {product lp64_product} {ergonomic}
     bool UseG1GC                                  = true                                      {product} {ergonomic}
     bool UseLargePagesIndividualAllocation        = false                                  {pd product} {ergonomic}

Logging:
Log output configuration:
 #0: stdout all=warning uptime,level,tags
 #1: stderr all=off uptime,level,tags

Environment Variables:
PATH=C:/Users/Windows 10/Downloads/eclipse-java-2023-09-R-win32-x86_64//plugins/org.eclipse.justj.openjdk.hotspot.jre.full.win32.x86_64_17.0.8.v20230831-1047/jre/bin/server;C:/Users/Windows 10/Downloads/eclipse-java-2023-09-R-win32-x86_64//plugins/org.eclipse.justj.openjdk.hotspot.jre.full.win32.x86_64_17.0.8.v20230831-1047/jre/bin;C:\Program Files\Common Files\Oracle\Java\javapath;C:\Python312\Scripts\;C:\Python312\;C:\Program Files (x86)\NVIDIA Corporation\PhysX\Common;C:\Program Files (x86)\Common Files\Intel\Shared Files\cpp\bin\Intel64;C:\WINDOWS\system32;C:\WINDOWS;C:\WINDOWS\System32\Wbem;C:\WINDOWS\System32\WindowsPowerShell\v1.0\;C:\Windows\IsmFiles;C:\Program Files (x86)\Windows Kits\8.1\Windows Performance Toolkit\;C:\WINDOWS\System32\OpenSSH\;C:\Program Files\Git\cmd;C:\Program Files\nodejs\;C:\ProgramData\chocolatey\bin;C:\Users\Windows 10\AppData\Local\Programs\Python\Python310\Scripts\;C:\Users\Windows 10\AppData\Local\Programs\Python\Python310\;C:\Users\Windows 10\AppData\Local\Microsoft\WindowsApps;;C:\Users\Windows 10\AppData\Local\Programs\Microsoft VS Code\bin;C:\Users\Windows 10\AppData\Roaming\npm;C:\Users\Windows 10\Downloads\eclipse-java-2023-09-R-win32-x86_64;
USERNAME=Windows 10
OS=Windows_NT
PROCESSOR_IDENTIFIER=Intel64 Family 6 Model 142 Stepping 10, GenuineIntel
TMP=C:\Users\WINDOW~1\AppData\Local\Temp
TEMP=C:\Users\WINDOW~1\AppData\Local\Temp



---------------  S Y S T E M  ---------------

OS:
 Windows 10 , 64 bit Build 19041 (10.0.19041.3636)
OS uptime: 0 days 3:34 hours

CPU: total 8 (initial active 8) (4 cores per cpu, 2 threads per core) family 6 model 142 stepping 10 microcode 0xb4, cx8, cmov, fxsr, ht, mmx, 3dnowpref, sse, sse2, sse3, ssse3, sse4.1, sse4.2, popcnt, lzcnt, tsc, tscinvbit, avx, avx2, aes, erms, clmul, bmi1, bmi2, adx, fma, vzeroupper, clflush, clflushopt
Processor Information for all 8 processors :
  Max Mhz: 1801, Current Mhz: 1801, Mhz Limit: 1801

Memory: 4k page, system-wide physical 8108M (1106M free)
TotalPageFile size 8108M (AvailPageFile size 57M)
current process WorkingSet (physical memory assigned to process): 10M, peak: 10M
current process commit charge ("private bytes"): 60M, peak: 188M

vm_info: OpenJDK 64-Bit Server VM (17.0.8.1+1) for windows-amd64 JRE (17.0.8.1+1), built on Aug 23 2023 15:29:17 by "admin" with MS VC++ 16.7 (VS2019)

END.
