#
# There is insufficient memory for the Java Runtime Environment to continue.
# Native memory allocation (mmap) failed to map 65536 bytes for Failed to commit metaspace.
# Possible reasons:
#   The system is out of physical RAM or swap space
#   The process is running with CompressedOops enabled, and the Java Heap may be blocking the growth of the native heap
# Possible solutions:
#   Reduce memory load on the system
#   Increase physical memory or swap space
#   Check if swap backing store is full
#   Decrease Java heap size (-Xmx/-Xms)
#   Decrease number of Java threads
#   Decrease Java thread stack sizes (-Xss)
#   Set larger code cache with -XX:ReservedCodeCacheSize=
#   JVM is running with Unscaled Compressed Oops mode in which the Java heap is
#     placed in the first 4GB address space. The Java Heap base address is the
#     maximum limit for the native heap growth. Please use -XX:HeapBaseMinAddress
#     to set the Java Heap base and to place the Java Heap above 4GB virtual address.
# This output file may be truncated or incomplete.
#
#  Out of Memory Error (virtualSpaceNode.cpp:110), pid=10764, tid=15224
#
# JRE version: OpenJDK Runtime Environment Temurin-17.0.8.1+1 (17.0.8.1+1) (build 17.0.8.1+1)
# Java VM: OpenJDK 64-Bit Server VM Temurin-17.0.8.1+1 (17.0.8.1+1, mixed mode, tiered, compressed oops, compressed class ptrs, g1 gc, windows-amd64)
# No core dump will be written. Minidumps are not enabled by default on client versions of Windows
#

---------------  S U M M A R Y ------------

Command Line: -Dfile.encoding=UTF-8 -Dstdout.encoding=UTF-8 -Dstderr.encoding=UTF-8 -XX:+ShowCodeDetailsInExceptionMessages edureka.demo

Host: Intel(R) Core(TM) i5-8250U CPU @ 1.60GHz, 8 cores, 7G,  Windows 10 , 64 bit Build 19041 (10.0.19041.3636)
Time: Fri Nov 17 15:09:37 2023 India Standard Time elapsed time: 0.457405 seconds (0d 0h 0m 0s)

---------------  T H R E A D  ---------------

Current thread (0x000001be6da8cff0):  JavaThread "main" [_thread_in_vm, id=15224, stack(0x0000005216300000,0x0000005216400000)]

Stack: [0x0000005216300000,0x0000005216400000]
Native frames: (J=compiled Java code, j=interpreted, Vv=VM code, C=native code)
V  [jvm.dll+0x678b0a]
V  [jvm.dll+0x835e84]
V  [jvm.dll+0x83762e]
V  [jvm.dll+0x837c93]
V  [jvm.dll+0x24746f]
V  [jvm.dll+0x831f1b]
V  [jvm.dll+0x61d3c6]
V  [jvm.dll+0x61d42a]
V  [jvm.dll+0x61fc5a]
V  [jvm.dll+0x61dd66]
V  [jvm.dll+0x627c47]
V  [jvm.dll+0x1eb90b]
V  [jvm.dll+0x1ebe45]
V  [jvm.dll+0x1ec87f]
V  [jvm.dll+0x1e1d21]
V  [jvm.dll+0x53fba0]
V  [jvm.dll+0x1f2607]
V  [jvm.dll+0x7b06ab]
V  [jvm.dll+0x7b1a52]
V  [jvm.dll+0x7b1d88]
V  [jvm.dll+0x23f76e]
V  [jvm.dll+0x3818fe]
C  0x000001be0754b5bb

Java frames: (J=compiled Java code, j=interpreted, Vv=VM code)
j  java.lang.invoke.VarHandles.byteArrayViewHandle(Ljava/lang/Class;Z)Ljava/lang/invoke/VarHandle;+46 java.base@17.0.8.1
j  java.lang.invoke.MethodHandles.byteArrayViewVarHandle(Ljava/lang/Class;Ljava/nio/ByteOrder;)Ljava/lang/invoke/VarHandle;+18 java.base@17.0.8.1
j  com.sun.crypto.provider.GaloisCounterMode.<clinit>()V+22 java.base@17.0.8.1
v  ~StubRoutines::call_stub
j  java.lang.Class.forName0(Ljava/lang/String;ZLjava/lang/ClassLoader;Ljava/lang/Class;)Ljava/lang/Class;+0 java.base@17.0.8.1
j  java.lang.Class.forName(Ljava/lang/String;)Ljava/lang/Class;+11 java.base@17.0.8.1
j  java.security.Provider$Service.getImplClass()Ljava/lang/Class;+64 java.base@17.0.8.1
j  java.security.Provider$Service.getDefaultConstructor()Ljava/lang/reflect/Constructor;+46 java.base@17.0.8.1
j  java.security.Provider$Service.newInstanceOf()Ljava/lang/Object;+1 java.base@17.0.8.1
j  java.security.Provider$Service.newInstanceUtil(Ljava/lang/Class;Ljava/lang/Object;)Ljava/lang/Object;+5 java.base@17.0.8.1
j  java.security.Provider$Service.newInstance(Ljava/lang/Object;)Ljava/lang/Object;+227 java.base@17.0.8.1
j  javax.crypto.Cipher.getInstance(Ljava/lang/String;)Ljavax/crypto/Cipher;+179 java.base@17.0.8.1
j  sun.security.ssl.SSLCipher.isTransformationAvailable(Ljava/lang/String;)Z+12 java.base@17.0.8.1
j  sun.security.ssl.SSLCipher.<init>(Ljava/lang/String;ILjava/lang/String;Lsun/security/ssl/CipherType;IIIIZZ[Ljava/util/Map$Entry;[Ljava/util/Map$Entry;)V+124 java.base@17.0.8.1
j  sun.security.ssl.SSLCipher.<clinit>()V+1025 java.base@17.0.8.1
v  ~StubRoutines::call_stub
j  sun.security.ssl.CipherSuite.<clinit>()V+18 java.base@17.0.8.1
v  ~StubRoutines::call_stub
j  sun.security.ssl.SSLContextImpl.getApplicableSupportedCipherSuites(Ljava/util/List;)Ljava/util/List;+0 java.base@17.0.8.1
j  sun.security.ssl.SSLContextImpl$AbstractTLSContext.<clinit>()V+84 java.base@17.0.8.1
v  ~StubRoutines::call_stub
j  java.lang.Class.forName0(Ljava/lang/String;ZLjava/lang/ClassLoader;Ljava/lang/Class;)Ljava/lang/Class;+0 java.base@17.0.8.1
j  java.lang.Class.forName(Ljava/lang/String;)Ljava/lang/Class;+11 java.base@17.0.8.1
j  java.security.Provider$Service.getImplClass()Ljava/lang/Class;+64 java.base@17.0.8.1
j  java.security.Provider$Service.getDefaultConstructor()Ljava/lang/reflect/Constructor;+46 java.base@17.0.8.1
j  java.security.Provider$Service.newInstanceOf()Ljava/lang/Object;+1 java.base@17.0.8.1
j  java.security.Provider$Service.newInstanceUtil(Ljava/lang/Class;Ljava/lang/Object;)Ljava/lang/Object;+5 java.base@17.0.8.1
j  java.security.Provider$Service.newInstance(Ljava/lang/Object;)Ljava/lang/Object;+227 java.base@17.0.8.1
j  sun.security.jca.GetInstance.getInstance(Ljava/security/Provider$Service;Ljava/lang/Class;)Lsun/security/jca/GetInstance$Instance;+2 java.base@17.0.8.1
j  sun.security.jca.GetInstance.getInstance(Ljava/lang/String;Ljava/lang/Class;Ljava/lang/String;)Lsun/security/jca/GetInstance$Instance;+56 java.base@17.0.8.1
j  javax.net.ssl.SSLContext.getInstance(Ljava/lang/String;)Ljavax/net/ssl/SSLContext;+12 java.base@17.0.8.1
j  javax.net.ssl.SSLContext.getDefault()Ljavax/net/ssl/SSLContext;+10 java.base@17.0.8.1
j  jdk.internal.net.http.HttpClientImpl.<init>(Ljdk/internal/net/http/HttpClientBuilderImpl;Ljdk/internal/net/http/HttpClientImpl$SingleFacadeFactory;)V+137 java.net.http@17.0.8.1
j  jdk.internal.net.http.HttpClientImpl.create(Ljdk/internal/net/http/HttpClientBuilderImpl;)Ljdk/internal/net/http/HttpClientFacade;+14 java.net.http@17.0.8.1
j  jdk.internal.net.http.HttpClientBuilderImpl.build()Ljava/net/http/HttpClient;+1 java.net.http@17.0.8.1
j  org.openqa.selenium.remote.http.jdk.JdkHttpClient.<init>(Lorg/openqa/selenium/remote/http/ClientConfig;)V+362
j  org.openqa.selenium.remote.http.jdk.JdkHttpClient$Factory.createClient(Lorg/openqa/selenium/remote/http/ClientConfig;)Lorg/openqa/selenium/remote/http/HttpClient;+12
j  org.openqa.selenium.remote.HttpCommandExecutor.<init>(Ljava/util/Map;Lorg/openqa/selenium/remote/http/ClientConfig;Lorg/openqa/selenium/remote/http/HttpClient$Factory;)V+59
j  org.openqa.selenium.remote.HttpCommandExecutor.<init>(Ljava/util/Map;Ljava/net/URL;Lorg/openqa/selenium/remote/http/ClientConfig;)V+18
j  org.openqa.selenium.remote.service.DriverCommandExecutor.<init>(Lorg/openqa/selenium/remote/service/DriverService;Ljava/util/Map;Lorg/openqa/selenium/remote/http/ClientConfig;)V+11
j  org.openqa.selenium.chromium.ChromiumDriverCommandExecutor.<init>(Lorg/openqa/selenium/remote/service/DriverService;Ljava/util/Map;Lorg/openqa/selenium/remote/http/ClientConfig;)V+7
j  org.openqa.selenium.chrome.ChromeDriver$ChromeDriverCommandExecutor.<init>(Lorg/openqa/selenium/remote/service/DriverService;Lorg/openqa/selenium/remote/http/ClientConfig;)V+6
j  org.openqa.selenium.chrome.ChromeDriver.generateExecutor(Lorg/openqa/selenium/chrome/ChromeDriverService;Lorg/openqa/selenium/chrome/ChromeOptions;Lorg/openqa/selenium/remote/http/ClientConfig;)Lorg/openqa/selenium/chrome/ChromeDriver$ChromeDriverCommandExecutor;+74
j  org.openqa.selenium.chrome.ChromeDriver.<init>(Lorg/openqa/selenium/chrome/ChromeDriverService;Lorg/openqa/selenium/chrome/ChromeOptions;Lorg/openqa/selenium/remote/http/ClientConfig;)V+4
j  org.openqa.selenium.chrome.ChromeDriver.<init>(Lorg/openqa/selenium/chrome/ChromeDriverService;Lorg/openqa/selenium/chrome/ChromeOptions;)V+6
j  org.openqa.selenium.chrome.ChromeDriver.<init>()V+11
j  edureka.demo.main([Ljava/lang/String;)V+12
v  ~StubRoutines::call_stub

---------------  P R O C E S S  ---------------

Threads class SMR info:
_java_thread_list=0x000001be7f67ef50, length=14, elements={
0x000001be6da8cff0, 0x000001be7aaec620, 0x000001be7aaee470, 0x000001be7aad8690,
0x000001be7aad8d70, 0x000001be7ab23910, 0x000001be7ab242d0, 0x000001be7ab304d0,
0x000001be7ab30f80, 0x000001be7ab32160, 0x000001be7ac9fb40, 0x000001be7acb7a50,
0x000001be7aceb2f0, 0x000001be7f339a40
}

Java Threads: ( => current thread )
=>0x000001be6da8cff0 JavaThread "main" [_thread_in_vm, id=15224, stack(0x0000005216300000,0x0000005216400000)]
  0x000001be7aaec620 JavaThread "Reference Handler" daemon [_thread_blocked, id=14912, stack(0x0000005216a00000,0x0000005216b00000)]
  0x000001be7aaee470 JavaThread "Finalizer" daemon [_thread_blocked, id=14400, stack(0x0000005216b00000,0x0000005216c00000)]
  0x000001be7aad8690 JavaThread "Signal Dispatcher" daemon [_thread_blocked, id=4736, stack(0x0000005216c00000,0x0000005216d00000)]
  0x000001be7aad8d70 JavaThread "Attach Listener" daemon [_thread_blocked, id=14392, stack(0x0000005216d00000,0x0000005216e00000)]
  0x000001be7ab23910 JavaThread "Service Thread" daemon [_thread_blocked, id=8688, stack(0x0000005216e00000,0x0000005216f00000)]
  0x000001be7ab242d0 JavaThread "Monitor Deflation Thread" daemon [_thread_blocked, id=10128, stack(0x0000005216f00000,0x0000005217000000)]
  0x000001be7ab304d0 JavaThread "C2 CompilerThread0" daemon [_thread_blocked, id=6992, stack(0x0000005217000000,0x0000005217100000)]
  0x000001be7ab30f80 JavaThread "C1 CompilerThread0" daemon [_thread_blocked, id=14412, stack(0x0000005217100000,0x0000005217200000)]
  0x000001be7ab32160 JavaThread "Sweeper thread" daemon [_thread_blocked, id=1376, stack(0x0000005217200000,0x0000005217300000)]
  0x000001be7ac9fb40 JavaThread "Notification Thread" daemon [_thread_blocked, id=11844, stack(0x0000005217300000,0x0000005217400000)]
  0x000001be7acb7a50 JavaThread "Common-Cleaner" daemon [_thread_blocked, id=13672, stack(0x0000005217500000,0x0000005217600000)]
  0x000001be7aceb2f0 JavaThread "C2 CompilerThread1" daemon [_thread_blocked, id=14428, stack(0x0000005217600000,0x0000005217700000)]
  0x000001be7f339a40 JavaThread "ForkJoinPool.commonPool-worker-1" daemon [_thread_blocked, id=14432, stack(0x0000005217700000,0x0000005217800000)]

Other Threads:
  0x000001be7ab03ab0 VMThread "VM Thread" [stack: 0x0000005216900000,0x0000005216a00000] [id=14916]
  0x000001be6dbe9170 WatcherThread [stack: 0x0000005217400000,0x0000005217500000] [id=7696]
  0x000001be6dbcca30 GCTaskThread "GC Thread#0" [stack: 0x0000005216400000,0x0000005216500000] [id=14928]
  0x000001be6dbddeb0 ConcurrentGCThread "G1 Main Marker" [stack: 0x0000005216500000,0x0000005216600000] [id=14924]
  0x000001be6dbde8c0 ConcurrentGCThread "G1 Conc#0" [stack: 0x0000005216600000,0x0000005216700000] [id=14920]
  0x000001be7a9320d0 ConcurrentGCThread "G1 Refine#0" [stack: 0x0000005216700000,0x0000005216800000] [id=15228]
  0x000001be7a9349b0 ConcurrentGCThread "G1 Service" [stack: 0x0000005216800000,0x0000005216900000] [id=15232]

Threads with active compile tasks:

VM state: not at safepoint (normal execution)

VM Mutex/Monitor currently owned by a thread:  ([mutex/lock_event])
[0x000001be6db6de80] Metaspace_lock - owner thread: 0x000001be6da8cff0

Heap address: 0x0000000081400000, size: 2028 MB, Compressed Oops mode: 32-bit

CDS archive(s) not mapped
Compressed class space mapped at: 0x0000000100000000-0x0000000140000000, reserved size: 1073741824
Narrow klass base: 0x0000000000000000, Narrow klass shift: 3, Narrow klass range: 0x140000000

GC Precious Log:
 CPUs: 8 total, 8 available
 Memory: 8108M
 Large Page Support: Disabled
 NUMA Support: Disabled
 Compressed Oops: Enabled (32-bit)
 Heap Region Size: 1M
 Heap Min Capacity: 8M
 Heap Initial Capacity: 128M
 Heap Max Capacity: 2028M
 Pre-touch: Disabled
 Parallel Workers: 8
 Concurrent Workers: 2
 Concurrent Refinement Workers: 8
 Periodic GC: Disabled

Heap:
 garbage-first heap   total 131072K, used 13312K [0x0000000081400000, 0x0000000100000000)
  region size 1024K, 12 young (12288K), 0 survivors (0K)
 Metaspace       used 11802K, committed 11968K, reserved 1114112K
  class space    used 1142K, committed 1216K, reserved 1048576K

Heap Regions: E=young(eden), S=young(survivor), O=old, HS=humongous(starts), HC=humongous(continues), CS=collection set, F=free, OA=open archive, CA=closed archive, TAMS=top-at-mark-start (previous, next)
|   0|0x0000000081400000, 0x0000000081500000, 0x0000000081500000|100%|HS|  |TAMS 0x0000000081400000, 0x0000000081400000| Complete 
|   1|0x0000000081500000, 0x0000000081600000, 0x0000000081600000|100%|HC|  |TAMS 0x0000000081500000, 0x0000000081500000| Complete 
|   2|0x0000000081600000, 0x0000000081700000, 0x0000000081700000|100%|HC|  |TAMS 0x0000000081600000, 0x0000000081600000| Complete 
|   3|0x0000000081700000, 0x0000000081700000, 0x0000000081800000|  0%| F|  |TAMS 0x0000000081700000, 0x0000000081700000| Untracked 
|   4|0x0000000081800000, 0x0000000081800000, 0x0000000081900000|  0%| F|  |TAMS 0x0000000081800000, 0x0000000081800000| Untracked 
|   5|0x0000000081900000, 0x0000000081900000, 0x0000000081a00000|  0%| F|  |TAMS 0x0000000081900000, 0x0000000081900000| Untracked 
|   6|0x0000000081a00000, 0x0000000081a00000, 0x0000000081b00000|  0%| F|  |TAMS 0x0000000081a00000, 0x0000000081a00000| Untracked 
|   7|0x0000000081b00000, 0x0000000081b00000, 0x0000000081c00000|  0%| F|  |TAMS 0x0000000081b00000, 0x0000000081b00000| Untracked 
|   8|0x0000000081c00000, 0x0000000081c00000, 0x0000000081d00000|  0%| F|  |TAMS 0x0000000081c00000, 0x0000000081c00000| Untracked 
|   9|0x0000000081d00000, 0x0000000081d00000, 0x0000000081e00000|  0%| F|  |TAMS 0x0000000081d00000, 0x0000000081d00000| Untracked 
|  10|0x0000000081e00000, 0x0000000081e00000, 0x0000000081f00000|  0%| F|  |TAMS 0x0000000081e00000, 0x0000000081e00000| Untracked 
|  11|0x0000000081f00000, 0x0000000081f00000, 0x0000000082000000|  0%| F|  |TAMS 0x0000000081f00000, 0x0000000081f00000| Untracked 
|  12|0x0000000082000000, 0x0000000082000000, 0x0000000082100000|  0%| F|  |TAMS 0x0000000082000000, 0x0000000082000000| Untracked 
|  13|0x0000000082100000, 0x0000000082100000, 0x0000000082200000|  0%| F|  |TAMS 0x0000000082100000, 0x0000000082100000| Untracked 
|  14|0x0000000082200000, 0x0000000082200000, 0x0000000082300000|  0%| F|  |TAMS 0x0000000082200000, 0x0000000082200000| Untracked 
|  15|0x0000000082300000, 0x0000000082300000, 0x0000000082400000|  0%| F|  |TAMS 0x0000000082300000, 0x0000000082300000| Untracked 
|  16|0x0000000082400000, 0x0000000082400000, 0x0000000082500000|  0%| F|  |TAMS 0x0000000082400000, 0x0000000082400000| Untracked 
|  17|0x0000000082500000, 0x0000000082500000, 0x0000000082600000|  0%| F|  |TAMS 0x0000000082500000, 0x0000000082500000| Untracked 
|  18|0x0000000082600000, 0x0000000082600000, 0x0000000082700000|  0%| F|  |TAMS 0x0000000082600000, 0x0000000082600000| Untracked 
|  19|0x0000000082700000, 0x0000000082700000, 0x0000000082800000|  0%| F|  |TAMS 0x0000000082700000, 0x0000000082700000| Untracked 
|  20|0x0000000082800000, 0x0000000082800000, 0x0000000082900000|  0%| F|  |TAMS 0x0000000082800000, 0x0000000082800000| Untracked 
|  21|0x0000000082900000, 0x0000000082900000, 0x0000000082a00000|  0%| F|  |TAMS 0x0000000082900000, 0x0000000082900000| Untracked 
|  22|0x0000000082a00000, 0x0000000082a00000, 0x0000000082b00000|  0%| F|  |TAMS 0x0000000082a00000, 0x0000000082a00000| Untracked 
|  23|0x0000000082b00000, 0x0000000082b00000, 0x0000000082c00000|  0%| F|  |TAMS 0x0000000082b00000, 0x0000000082b00000| Untracked 
|  24|0x0000000082c00000, 0x0000000082c00000, 0x0000000082d00000|  0%| F|  |TAMS 0x0000000082c00000, 0x0000000082c00000| Untracked 
|  25|0x0000000082d00000, 0x0000000082d00000, 0x0000000082e00000|  0%| F|  |TAMS 0x0000000082d00000, 0x0000000082d00000| Untracked 
|  26|0x0000000082e00000, 0x0000000082e00000, 0x0000000082f00000|  0%| F|  |TAMS 0x0000000082e00000, 0x0000000082e00000| Untracked 
|  27|0x0000000082f00000, 0x0000000082f00000, 0x0000000083000000|  0%| F|  |TAMS 0x0000000082f00000, 0x0000000082f00000| Untracked 
|  28|0x0000000083000000, 0x0000000083000000, 0x0000000083100000|  0%| F|  |TAMS 0x0000000083000000, 0x0000000083000000| Untracked 
|  29|0x0000000083100000, 0x0000000083100000, 0x0000000083200000|  0%| F|  |TAMS 0x0000000083100000, 0x0000000083100000| Untracked 
|  30|0x0000000083200000, 0x0000000083200000, 0x0000000083300000|  0%| F|  |TAMS 0x0000000083200000, 0x0000000083200000| Untracked 
|  31|0x0000000083300000, 0x0000000083300000, 0x0000000083400000|  0%| F|  |TAMS 0x0000000083300000, 0x0000000083300000| Untracked 
|  32|0x0000000083400000, 0x0000000083400000, 0x0000000083500000|  0%| F|  |TAMS 0x0000000083400000, 0x0000000083400000| Untracked 
|  33|0x0000000083500000, 0x0000000083500000, 0x0000000083600000|  0%| F|  |TAMS 0x0000000083500000, 0x0000000083500000| Untracked 
|  34|0x0000000083600000, 0x0000000083600000, 0x0000000083700000|  0%| F|  |TAMS 0x0000000083600000, 0x0000000083600000| Untracked 
|  35|0x0000000083700000, 0x0000000083700000, 0x0000000083800000|  0%| F|  |TAMS 0x0000000083700000, 0x0000000083700000| Untracked 
|  36|0x0000000083800000, 0x0000000083800000, 0x0000000083900000|  0%| F|  |TAMS 0x0000000083800000, 0x0000000083800000| Untracked 
|  37|0x0000000083900000, 0x0000000083900000, 0x0000000083a00000|  0%| F|  |TAMS 0x0000000083900000, 0x0000000083900000| Untracked 
|  38|0x0000000083a00000, 0x0000000083a00000, 0x0000000083b00000|  0%| F|  |TAMS 0x0000000083a00000, 0x0000000083a00000| Untracked 
|  39|0x0000000083b00000, 0x0000000083b00000, 0x0000000083c00000|  0%| F|  |TAMS 0x0000000083b00000, 0x0000000083b00000| Untracked 
|  40|0x0000000083c00000, 0x0000000083c00000, 0x0000000083d00000|  0%| F|  |TAMS 0x0000000083c00000, 0x0000000083c00000| Untracked 
|  41|0x0000000083d00000, 0x0000000083d00000, 0x0000000083e00000|  0%| F|  |TAMS 0x0000000083d00000, 0x0000000083d00000| Untracked 
|  42|0x0000000083e00000, 0x0000000083e00000, 0x0000000083f00000|  0%| F|  |TAMS 0x0000000083e00000, 0x0000000083e00000| Untracked 
|  43|0x0000000083f00000, 0x0000000083f00000, 0x0000000084000000|  0%| F|  |TAMS 0x0000000083f00000, 0x0000000083f00000| Untracked 
|  44|0x0000000084000000, 0x0000000084000000, 0x0000000084100000|  0%| F|  |TAMS 0x0000000084000000, 0x0000000084000000| Untracked 
|  45|0x0000000084100000, 0x0000000084100000, 0x0000000084200000|  0%| F|  |TAMS 0x0000000084100000, 0x0000000084100000| Untracked 
|  46|0x0000000084200000, 0x0000000084200000, 0x0000000084300000|  0%| F|  |TAMS 0x0000000084200000, 0x0000000084200000| Untracked 
|  47|0x0000000084300000, 0x0000000084300000, 0x0000000084400000|  0%| F|  |TAMS 0x0000000084300000, 0x0000000084300000| Untracked 
|  48|0x0000000084400000, 0x0000000084400000, 0x0000000084500000|  0%| F|  |TAMS 0x0000000084400000, 0x0000000084400000| Untracked 
|  49|0x0000000084500000, 0x0000000084500000, 0x0000000084600000|  0%| F|  |TAMS 0x0000000084500000, 0x0000000084500000| Untracked 
|  50|0x0000000084600000, 0x0000000084600000, 0x0000000084700000|  0%| F|  |TAMS 0x0000000084600000, 0x0000000084600000| Untracked 
|  51|0x0000000084700000, 0x0000000084700000, 0x0000000084800000|  0%| F|  |TAMS 0x0000000084700000, 0x0000000084700000| Untracked 
|  52|0x0000000084800000, 0x0000000084800000, 0x0000000084900000|  0%| F|  |TAMS 0x0000000084800000, 0x0000000084800000| Untracked 
|  53|0x0000000084900000, 0x0000000084900000, 0x0000000084a00000|  0%| F|  |TAMS 0x0000000084900000, 0x0000000084900000| Untracked 
|  54|0x0000000084a00000, 0x0000000084a00000, 0x0000000084b00000|  0%| F|  |TAMS 0x0000000084a00000, 0x0000000084a00000| Untracked 
|  55|0x0000000084b00000, 0x0000000084b00000, 0x0000000084c00000|  0%| F|  |TAMS 0x0000000084b00000, 0x0000000084b00000| Untracked 
|  56|0x0000000084c00000, 0x0000000084c00000, 0x0000000084d00000|  0%| F|  |TAMS 0x0000000084c00000, 0x0000000084c00000| Untracked 
|  57|0x0000000084d00000, 0x0000000084d00000, 0x0000000084e00000|  0%| F|  |TAMS 0x0000000084d00000, 0x0000000084d00000| Untracked 
|  58|0x0000000084e00000, 0x0000000084e00000, 0x0000000084f00000|  0%| F|  |TAMS 0x0000000084e00000, 0x0000000084e00000| Untracked 
|  59|0x0000000084f00000, 0x0000000084f00000, 0x0000000085000000|  0%| F|  |TAMS 0x0000000084f00000, 0x0000000084f00000| Untracked 
|  60|0x0000000085000000, 0x0000000085000000, 0x0000000085100000|  0%| F|  |TAMS 0x0000000085000000, 0x0000000085000000| Untracked 
|  61|0x0000000085100000, 0x0000000085100000, 0x0000000085200000|  0%| F|  |TAMS 0x0000000085100000, 0x0000000085100000| Untracked 
|  62|0x0000000085200000, 0x0000000085200000, 0x0000000085300000|  0%| F|  |TAMS 0x0000000085200000, 0x0000000085200000| Untracked 
|  63|0x0000000085300000, 0x0000000085300000, 0x0000000085400000|  0%| F|  |TAMS 0x0000000085300000, 0x0000000085300000| Untracked 
|  64|0x0000000085400000, 0x0000000085400000, 0x0000000085500000|  0%| F|  |TAMS 0x0000000085400000, 0x0000000085400000| Untracked 
|  65|0x0000000085500000, 0x0000000085500000, 0x0000000085600000|  0%| F|  |TAMS 0x0000000085500000, 0x0000000085500000| Untracked 
|  66|0x0000000085600000, 0x0000000085600000, 0x0000000085700000|  0%| F|  |TAMS 0x0000000085600000, 0x0000000085600000| Untracked 
|  67|0x0000000085700000, 0x0000000085700000, 0x0000000085800000|  0%| F|  |TAMS 0x0000000085700000, 0x0000000085700000| Untracked 
|  68|0x0000000085800000, 0x0000000085800000, 0x0000000085900000|  0%| F|  |TAMS 0x0000000085800000, 0x0000000085800000| Untracked 
|  69|0x0000000085900000, 0x0000000085900000, 0x0000000085a00000|  0%| F|  |TAMS 0x0000000085900000, 0x0000000085900000| Untracked 
|  70|0x0000000085a00000, 0x0000000085a00000, 0x0000000085b00000|  0%| F|  |TAMS 0x0000000085a00000, 0x0000000085a00000| Untracked 
|  71|0x0000000085b00000, 0x0000000085b00000, 0x0000000085c00000|  0%| F|  |TAMS 0x0000000085b00000, 0x0000000085b00000| Untracked 
|  72|0x0000000085c00000, 0x0000000085c00000, 0x0000000085d00000|  0%| F|  |TAMS 0x0000000085c00000, 0x0000000085c00000| Untracked 
|  73|0x0000000085d00000, 0x0000000085d00000, 0x0000000085e00000|  0%| F|  |TAMS 0x0000000085d00000, 0x0000000085d00000| Untracked 
|  74|0x0000000085e00000, 0x0000000085e00000, 0x0000000085f00000|  0%| F|  |TAMS 0x0000000085e00000, 0x0000000085e00000| Untracked 
|  75|0x0000000085f00000, 0x0000000085f00000, 0x0000000086000000|  0%| F|  |TAMS 0x0000000085f00000, 0x0000000085f00000| Untracked 
|  76|0x0000000086000000, 0x0000000086000000, 0x0000000086100000|  0%| F|  |TAMS 0x0000000086000000, 0x0000000086000000| Untracked 
|  77|0x0000000086100000, 0x0000000086100000, 0x0000000086200000|  0%| F|  |TAMS 0x0000000086100000, 0x0000000086100000| Untracked 
|  78|0x0000000086200000, 0x0000000086200000, 0x0000000086300000|  0%| F|  |TAMS 0x0000000086200000, 0x0000000086200000| Untracked 
|  79|0x0000000086300000, 0x0000000086300000, 0x0000000086400000|  0%| F|  |TAMS 0x0000000086300000, 0x0000000086300000| Untracked 
|  80|0x0000000086400000, 0x0000000086400000, 0x0000000086500000|  0%| F|  |TAMS 0x0000000086400000, 0x0000000086400000| Untracked 
|  81|0x0000000086500000, 0x0000000086500000, 0x0000000086600000|  0%| F|  |TAMS 0x0000000086500000, 0x0000000086500000| Untracked 
|  82|0x0000000086600000, 0x0000000086600000, 0x0000000086700000|  0%| F|  |TAMS 0x0000000086600000, 0x0000000086600000| Untracked 
|  83|0x0000000086700000, 0x0000000086700000, 0x0000000086800000|  0%| F|  |TAMS 0x0000000086700000, 0x0000000086700000| Untracked 
|  84|0x0000000086800000, 0x0000000086800000, 0x0000000086900000|  0%| F|  |TAMS 0x0000000086800000, 0x0000000086800000| Untracked 
|  85|0x0000000086900000, 0x0000000086900000, 0x0000000086a00000|  0%| F|  |TAMS 0x0000000086900000, 0x0000000086900000| Untracked 
|  86|0x0000000086a00000, 0x0000000086a00000, 0x0000000086b00000|  0%| F|  |TAMS 0x0000000086a00000, 0x0000000086a00000| Untracked 
|  87|0x0000000086b00000, 0x0000000086b00000, 0x0000000086c00000|  0%| F|  |TAMS 0x0000000086b00000, 0x0000000086b00000| Untracked 
|  88|0x0000000086c00000, 0x0000000086c00000, 0x0000000086d00000|  0%| F|  |TAMS 0x0000000086c00000, 0x0000000086c00000| Untracked 
|  89|0x0000000086d00000, 0x0000000086d00000, 0x0000000086e00000|  0%| F|  |TAMS 0x0000000086d00000, 0x0000000086d00000| Untracked 
|  90|0x0000000086e00000, 0x0000000086e00000, 0x0000000086f00000|  0%| F|  |TAMS 0x0000000086e00000, 0x0000000086e00000| Untracked 
|  91|0x0000000086f00000, 0x0000000086f00000, 0x0000000087000000|  0%| F|  |TAMS 0x0000000086f00000, 0x0000000086f00000| Untracked 
|  92|0x0000000087000000, 0x0000000087000000, 0x0000000087100000|  0%| F|  |TAMS 0x0000000087000000, 0x0000000087000000| Untracked 
|  93|0x0000000087100000, 0x0000000087100000, 0x0000000087200000|  0%| F|  |TAMS 0x0000000087100000, 0x0000000087100000| Untracked 
|  94|0x0000000087200000, 0x0000000087200000, 0x0000000087300000|  0%| F|  |TAMS 0x0000000087200000, 0x0000000087200000| Untracked 
|  95|0x0000000087300000, 0x0000000087300000, 0x0000000087400000|  0%| F|  |TAMS 0x0000000087300000, 0x0000000087300000| Untracked 
|  96|0x0000000087400000, 0x0000000087400000, 0x0000000087500000|  0%| F|  |TAMS 0x0000000087400000, 0x0000000087400000| Untracked 
|  97|0x0000000087500000, 0x0000000087500000, 0x0000000087600000|  0%| F|  |TAMS 0x0000000087500000, 0x0000000087500000| Untracked 
|  98|0x0000000087600000, 0x0000000087600000, 0x0000000087700000|  0%| F|  |TAMS 0x0000000087600000, 0x0000000087600000| Untracked 
|  99|0x0000000087700000, 0x0000000087700000, 0x0000000087800000|  0%| F|  |TAMS 0x0000000087700000, 0x0000000087700000| Untracked 
| 100|0x0000000087800000, 0x0000000087800000, 0x0000000087900000|  0%| F|  |TAMS 0x0000000087800000, 0x0000000087800000| Untracked 
| 101|0x0000000087900000, 0x0000000087900000, 0x0000000087a00000|  0%| F|  |TAMS 0x0000000087900000, 0x0000000087900000| Untracked 
| 102|0x0000000087a00000, 0x0000000087a00000, 0x0000000087b00000|  0%| F|  |TAMS 0x0000000087a00000, 0x0000000087a00000| Untracked 
| 103|0x0000000087b00000, 0x0000000087b00000, 0x0000000087c00000|  0%| F|  |TAMS 0x0000000087b00000, 0x0000000087b00000| Untracked 
| 104|0x0000000087c00000, 0x0000000087c00000, 0x0000000087d00000|  0%| F|  |TAMS 0x0000000087c00000, 0x0000000087c00000| Untracked 
| 105|0x0000000087d00000, 0x0000000087d00000, 0x0000000087e00000|  0%| F|  |TAMS 0x0000000087d00000, 0x0000000087d00000| Untracked 
| 106|0x0000000087e00000, 0x0000000087e00000, 0x0000000087f00000|  0%| F|  |TAMS 0x0000000087e00000, 0x0000000087e00000| Untracked 
| 107|0x0000000087f00000, 0x0000000087f00000, 0x0000000088000000|  0%| F|  |TAMS 0x0000000087f00000, 0x0000000087f00000| Untracked 
| 108|0x0000000088000000, 0x0000000088000000, 0x0000000088100000|  0%| F|  |TAMS 0x0000000088000000, 0x0000000088000000| Untracked 
| 109|0x0000000088100000, 0x0000000088100000, 0x0000000088200000|  0%| F|  |TAMS 0x0000000088100000, 0x0000000088100000| Untracked 
| 110|0x0000000088200000, 0x0000000088200000, 0x0000000088300000|  0%| F|  |TAMS 0x0000000088200000, 0x0000000088200000| Untracked 
| 111|0x0000000088300000, 0x0000000088300000, 0x0000000088400000|  0%| F|  |TAMS 0x0000000088300000, 0x0000000088300000| Untracked 
| 112|0x0000000088400000, 0x0000000088400000, 0x0000000088500000|  0%| F|  |TAMS 0x0000000088400000, 0x0000000088400000| Untracked 
| 113|0x0000000088500000, 0x0000000088500000, 0x0000000088600000|  0%| F|  |TAMS 0x0000000088500000, 0x0000000088500000| Untracked 
| 114|0x0000000088600000, 0x0000000088600000, 0x0000000088700000|  0%| F|  |TAMS 0x0000000088600000, 0x0000000088600000| Untracked 
| 115|0x0000000088700000, 0x0000000088700000, 0x0000000088800000|  0%| F|  |TAMS 0x0000000088700000, 0x0000000088700000| Untracked 
| 116|0x0000000088800000, 0x0000000088876448, 0x0000000088900000| 46%| E|  |TAMS 0x0000000088800000, 0x0000000088800000| Complete 
| 117|0x0000000088900000, 0x0000000088a00000, 0x0000000088a00000|100%| E|CS|TAMS 0x0000000088900000, 0x0000000088900000| Complete 
| 118|0x0000000088a00000, 0x0000000088b00000, 0x0000000088b00000|100%| E|  |TAMS 0x0000000088a00000, 0x0000000088a00000| Complete 
| 119|0x0000000088b00000, 0x0000000088c00000, 0x0000000088c00000|100%| E|CS|TAMS 0x0000000088b00000, 0x0000000088b00000| Complete 
| 120|0x0000000088c00000, 0x0000000088d00000, 0x0000000088d00000|100%| E|CS|TAMS 0x0000000088c00000, 0x0000000088c00000| Complete 
| 121|0x0000000088d00000, 0x0000000088e00000, 0x0000000088e00000|100%| E|CS|TAMS 0x0000000088d00000, 0x0000000088d00000| Complete 
| 122|0x0000000088e00000, 0x0000000088f00000, 0x0000000088f00000|100%| E|CS|TAMS 0x0000000088e00000, 0x0000000088e00000| Complete 
| 123|0x0000000088f00000, 0x0000000089000000, 0x0000000089000000|100%| E|CS|TAMS 0x0000000088f00000, 0x0000000088f00000| Complete 
| 124|0x0000000089000000, 0x0000000089100000, 0x0000000089100000|100%| E|CS|TAMS 0x0000000089000000, 0x0000000089000000| Complete 
| 125|0x0000000089100000, 0x0000000089200000, 0x0000000089200000|100%| E|CS|TAMS 0x0000000089100000, 0x0000000089100000| Complete 
| 126|0x0000000089200000, 0x0000000089300000, 0x0000000089300000|100%| E|CS|TAMS 0x0000000089200000, 0x0000000089200000| Complete 
| 127|0x0000000089300000, 0x0000000089400000, 0x0000000089400000|100%| E|CS|TAMS 0x0000000089300000, 0x0000000089300000| Complete 

Card table byte_map: [0x000001be73870000,0x000001be73c70000] _byte_map_base: 0x000001be73466000

Marking Bits (Prev, Next): (CMBitMap*) 0x000001be6dbcd050, (CMBitMap*) 0x000001be6dbcd090
 Prev Bits: [0x000001be74070000, 0x000001be76020000)
 Next Bits: [0x000001be76020000, 0x000001be77fd0000)

Polling page: 0x000001be6dc30000

Metaspace:

Usage:
  Non-class:     10.41 MB used.
      Class:      1.12 MB used.
       Both:     11.53 MB used.

Virtual space:
  Non-class space:       64.00 MB reserved,      10.50 MB ( 16%) committed,  1 nodes.
      Class space:        1.00 GB reserved,       1.19 MB ( <1%) committed,  1 nodes.
             Both:        1.06 GB reserved,      11.69 MB (  1%) committed. 

Chunk freelists:
   Non-Class:  5.00 MB
       Class:  14.73 MB
        Both:  19.73 MB

MaxMetaspaceSize: unlimited
CompressedClassSpaceSize: 1.00 GB
Initial GC threshold: 21.00 MB
Current GC threshold: 21.00 MB
CDS: off
MetaspaceReclaimPolicy: balanced
 - commit_granule_bytes: 65536.
 - commit_granule_words: 8192.
 - virtual_space_node_default_size: 8388608.
 - enlarge_chunks_in_place: 1.
 - new_chunks_are_fully_committed: 0.
 - uncommit_free_chunks: 1.
 - use_allocation_guard: 0.
 - handle_deallocations: 1.


Internal statistics:

num_allocs_failed_limit: 0.
num_arena_births: 52.
num_arena_deaths: 0.
num_vsnodes_births: 2.
num_vsnodes_deaths: 0.
num_space_committed: 187.
num_space_uncommitted: 0.
num_chunks_returned_to_freelist: 0.
num_chunks_taken_from_freelist: 137.
num_chunk_merges: 0.
num_chunk_splits: 75.
num_chunks_enlarged: 50.
num_inconsistent_stats: 0.

CodeHeap 'non-profiled nmethods': size=120000Kb used=247Kb max_used=247Kb free=119752Kb
 bounds [0x000001be07ad0000, 0x000001be07d40000, 0x000001be0f000000]
CodeHeap 'profiled nmethods': size=120000Kb used=1193Kb max_used=1193Kb free=118806Kb
 bounds [0x000001be00000000, 0x000001be00270000, 0x000001be07530000]
CodeHeap 'non-nmethods': size=5760Kb used=1153Kb max_used=1167Kb free=4606Kb
 bounds [0x000001be07530000, 0x000001be077a0000, 0x000001be07ad0000]
 total_blobs=1197 nmethods=754 adapters=356
 compilation: enabled
              stopped_count=0, restarted_count=0
 full_count=0

Compilation events (20 events):
Event: 0.449 Thread 0x000001be7ab30f80  745       1       java.util.stream.ReferencePipeline$StatelessOp::opIsStateful (2 bytes)
Event: 0.449 Thread 0x000001be7ab30f80 nmethod 745 0x000001be07b0d690 code [0x000001be07b0d820, 0x000001be07b0d8f8]
Event: 0.449 Thread 0x000001be7ab30f80  747       3       java.lang.SecurityManager$$Lambda$97/0x000000010015b6d8::accept (8 bytes)
Event: 0.449 Thread 0x000001be7ab30f80 nmethod 747 0x000001be00127410 code [0x000001be001275c0, 0x000001be001277e8]
Event: 0.449 Thread 0x000001be7ab30f80  748       3       java.util.stream.PipelineHelper::<init> (5 bytes)
Event: 0.449 Thread 0x000001be7aceb2f0  750       4       java.util.HashMap::hash (20 bytes)
Event: 0.449 Thread 0x000001be7ab30f80 nmethod 748 0x000001be00127890 code [0x000001be00127a20, 0x000001be00127b78]
Event: 0.449 Thread 0x000001be7ab30f80  749       3       java.util.stream.ReferencePipeline$2$1::accept (27 bytes)
Event: 0.450 Thread 0x000001be7ab30f80 nmethod 749 0x000001be00127c10 code [0x000001be00127dc0, 0x000001be00128098]
Event: 0.450 Thread 0x000001be7ab30f80  746       1       java.util.Spliterators$IteratorSpliterator::characteristics (5 bytes)
Event: 0.450 Thread 0x000001be7ab30f80 nmethod 746 0x000001be07b0d990 code [0x000001be07b0db20, 0x000001be07b0dbf8]
Event: 0.450 Thread 0x000001be7ab30f80  751       3       java.lang.SecurityManager::lambda$addNonExportedPackages$1 (14 bytes)
Event: 0.450 Thread 0x000001be7ab30f80 nmethod 751 0x000001be00128190 code [0x000001be00128340, 0x000001be001284e8]
Event: 0.450 Thread 0x000001be7aceb2f0 nmethod 750 0x000001be07b0dc90 code [0x000001be07b0de00, 0x000001be07b0ded8]
Event: 0.450 Thread 0x000001be7ab30f80  752       3       java.util.regex.Pattern::append (43 bytes)
Event: 0.450 Thread 0x000001be7ab30f80 nmethod 752 0x000001be00128610 code [0x000001be001287e0, 0x000001be00128bd8]
Event: 0.453 Thread 0x000001be7ab30f80  753       3       com.sun.crypto.provider.AESCrypt::mul4 (181 bytes)
Event: 0.453 Thread 0x000001be7ab30f80 nmethod 753 0x000001be00128d90 code [0x000001be00128fe0, 0x000001be00129b78]
Event: 0.455 Thread 0x000001be7ab30f80  754       3       java.util.concurrent.ConcurrentHashMap::sumCount (60 bytes)
Event: 0.455 Thread 0x000001be7ab30f80 nmethod 754 0x000001be0012a110 code [0x000001be0012a2c0, 0x000001be0012a518]

GC Heap History (0 events):
No events

Dll operation events (5 events):
Event: 0.006 Loaded shared library C:\Users\Windows 10\Downloads\eclipse-java-2023-09-R-win32-x86_64\plugins\org.eclipse.justj.openjdk.hotspot.jre.full.win32.x86_64_17.0.8.v20230831-1047\jre\bin\java.dll
Event: 0.122 Loaded shared library C:\Users\Windows 10\Downloads\eclipse-java-2023-09-R-win32-x86_64\plugins\org.eclipse.justj.openjdk.hotspot.jre.full.win32.x86_64_17.0.8.v20230831-1047\jre\bin\net.dll
Event: 0.123 Loaded shared library C:\Users\Windows 10\Downloads\eclipse-java-2023-09-R-win32-x86_64\plugins\org.eclipse.justj.openjdk.hotspot.jre.full.win32.x86_64_17.0.8.v20230831-1047\jre\bin\nio.dll
Event: 0.129 Loaded shared library C:\Users\Windows 10\Downloads\eclipse-java-2023-09-R-win32-x86_64\plugins\org.eclipse.justj.openjdk.hotspot.jre.full.win32.x86_64_17.0.8.v20230831-1047\jre\bin\zip.dll
Event: 0.226 Loaded shared library C:\Users\Windows 10\Downloads\eclipse-java-2023-09-R-win32-x86_64\plugins\org.eclipse.justj.openjdk.hotspot.jre.full.win32.x86_64_17.0.8.v20230831-1047\jre\bin\jimage.dll

Deoptimization events (20 events):
Event: 0.141 Thread 0x000001be6da8cff0 DEOPT PACKING pc=0x000001be00019a0c sp=0x00000052163fa220
Event: 0.141 Thread 0x000001be6da8cff0 DEOPT UNPACKING pc=0x000001be07587143 sp=0x00000052163f96b0 mode 0
Event: 0.141 Thread 0x000001be6da8cff0 DEOPT PACKING pc=0x000001be00019a0c sp=0x00000052163fa220
Event: 0.141 Thread 0x000001be6da8cff0 DEOPT UNPACKING pc=0x000001be07587143 sp=0x00000052163f96b0 mode 0
Event: 0.141 Thread 0x000001be6da8cff0 DEOPT PACKING pc=0x000001be00019a0c sp=0x00000052163fa220
Event: 0.141 Thread 0x000001be6da8cff0 DEOPT UNPACKING pc=0x000001be07587143 sp=0x00000052163f96b0 mode 0
Event: 0.141 Thread 0x000001be6da8cff0 DEOPT PACKING pc=0x000001be00019a0c sp=0x00000052163fa220
Event: 0.141 Thread 0x000001be6da8cff0 DEOPT UNPACKING pc=0x000001be07587143 sp=0x00000052163f96b0 mode 0
Event: 0.142 Thread 0x000001be6da8cff0 DEOPT PACKING pc=0x000001be00019a0c sp=0x00000052163fa220
Event: 0.142 Thread 0x000001be6da8cff0 DEOPT UNPACKING pc=0x000001be07587143 sp=0x00000052163f96b0 mode 0
Event: 0.173 Thread 0x000001be6da8cff0 DEOPT PACKING pc=0x000001be000175e7 sp=0x00000052163fb160
Event: 0.173 Thread 0x000001be6da8cff0 DEOPT UNPACKING pc=0x000001be07587143 sp=0x00000052163fa580 mode 0
Event: 0.182 Thread 0x000001be6da8cff0 DEOPT PACKING pc=0x000001be00007051 sp=0x00000052163faa60
Event: 0.182 Thread 0x000001be6da8cff0 DEOPT UNPACKING pc=0x000001be07587143 sp=0x00000052163f9ed8 mode 0
Event: 0.317 Thread 0x000001be6da8cff0 Uncommon trap: trap_request=0xffffff45 fr.pc=0x000001be07add564 relative=0x0000000000000064
Event: 0.317 Thread 0x000001be6da8cff0 Uncommon trap: reason=unstable_if action=reinterpret pc=0x000001be07add564 method=java.io.WinNTFileSystem.isSlash(C)Z @ 9 c2
Event: 0.317 Thread 0x000001be6da8cff0 DEOPT PACKING pc=0x000001be07add564 sp=0x00000052163fd0d0
Event: 0.317 Thread 0x000001be6da8cff0 DEOPT UNPACKING pc=0x000001be075869a3 sp=0x00000052163fd058 mode 2
Event: 0.334 Thread 0x000001be6da8cff0 DEOPT PACKING pc=0x000001be00045f65 sp=0x00000052163fdc80
Event: 0.334 Thread 0x000001be6da8cff0 DEOPT UNPACKING pc=0x000001be07587143 sp=0x00000052163fd0d0 mode 0

Classes unloaded (0 events):
No events

Classes redefined (0 events):
No events

Internal exceptions (17 events):
Event: 0.241 Thread 0x000001be6da8cff0 Exception <a 'java/lang/NoSuchMethodError'{0x0000000088e59190}: 'int java.lang.invoke.DirectMethodHandle$Holder.invokeStaticInit(java.lang.Object, java.lang.Object)'> (0x0000000088e59190) 
thrown [s\src\hotspot\share\interpreter\linkResolver.cpp, line 759]
Event: 0.258 Thread 0x000001be6da8cff0 Exception <a 'java/lang/NoSuchMethodError'{0x0000000088ec2cc0}: 'java.lang.Object java.lang.invoke.DirectMethodHandle$Holder.invokeStaticInit(java.lang.Object)'> (0x0000000088ec2cc0) 
thrown [s\src\hotspot\share\interpreter\linkResolver.cpp, line 759]
Event: 0.269 Thread 0x000001be6da8cff0 Exception <a 'java/lang/NoSuchMethodError'{0x0000000088ed3410}: 'void java.lang.invoke.DirectMethodHandle$Holder.invokeStatic(java.lang.Object, java.lang.Object)'> (0x0000000088ed3410) 
thrown [s\src\hotspot\share\interpreter\linkResolver.cpp, line 759]
Event: 0.277 Thread 0x000001be6da8cff0 Exception <a 'java/net/SocketException'{0x0000000088ede0e8}: Socket is not connected: shutdown> (0x0000000088ede0e8) 
thrown [s\src\hotspot\share\prims\jni.cpp, line 535]
Event: 0.277 Thread 0x000001be6da8cff0 Exception <a 'java/net/SocketException'{0x0000000088ede760}: Socket is not connected: shutdown> (0x0000000088ede760) 
thrown [s\src\hotspot\share\prims\jni.cpp, line 535]
Event: 0.307 Thread 0x000001be6da8cff0 Exception <a 'java/lang/NoSuchMethodError'{0x0000000088de1e58}: 'void java.lang.invoke.DirectMethodHandle$Holder.invokeStaticInit(java.lang.Object, java.lang.Object)'> (0x0000000088de1e58) 
thrown [s\src\hotspot\share\interpreter\linkResolver.cpp, line 759]
Event: 0.330 Thread 0x000001be6da8cff0 Exception <a 'java/lang/NoSuchMethodError'{0x0000000088c75868}: 'java.lang.Object java.lang.invoke.DirectMethodHandle$Holder.invokeInterface(java.lang.Object, java.lang.Object)'> (0x0000000088c75868) 
thrown [s\src\hotspot\share\interpreter\linkResolver.cpp, line 759]
Event: 0.333 Thread 0x000001be6da8cff0 Exception <a 'java/lang/NoSuchMethodError'{0x0000000088c8c570}: 'java.lang.Object java.lang.invoke.DirectMethodHandle$Holder.invokeSpecialIFC(java.lang.Object, java.lang.Object, java.lang.Object, java.lang.Object)'> (0x0000000088c8c570) 
thrown [s\src\hotspot\share\interpreter\linkResolver.cpp, line 759]
Event: 0.378 Thread 0x000001be6da8cff0 Exception <a 'java/lang/NoSuchMethodError'{0x0000000088bdb198}: 'java.lang.Object java.lang.invoke.DirectMethodHandle$Holder.invokeStatic(java.lang.Object, java.lang.Object, int)'> (0x0000000088bdb198) 
thrown [s\src\hotspot\share\interpreter\linkResolver.cpp, line 759]
Event: 0.378 Thread 0x000001be6da8cff0 Exception <a 'java/lang/NoSuchMethodError'{0x0000000088bdebb8}: 'java.lang.Object java.lang.invoke.DirectMethodHandle$Holder.invokeStaticInit(java.lang.Object, java.lang.Object, int)'> (0x0000000088bdebb8) 
thrown [s\src\hotspot\share\interpreter\linkResolver.cpp, line 759]
Event: 0.378 Thread 0x000001be6da8cff0 Exception <a 'java/lang/NoSuchMethodError'{0x0000000088be5020}: 'java.lang.Object java.lang.invoke.DirectMethodHandle$Holder.newInvokeSpecial(java.lang.Object, java.lang.Object, int)'> (0x0000000088be5020) 
thrown [s\src\hotspot\share\interpreter\linkResolver.cpp, line 759]
Event: 0.380 Thread 0x000001be6da8cff0 Exception <a 'java/lang/NoSuchMethodError'{0x0000000088bef7b0}: 'int java.lang.invoke.DirectMethodHandle$Holder.invokeStaticInit(java.lang.Object, java.lang.Object, java.lang.Object)'> (0x0000000088bef7b0) 
thrown [s\src\hotspot\share\interpreter\linkResolver.cpp, line 759]
Event: 0.381 Thread 0x000001be6da8cff0 Exception <a 'java/lang/NoSuchMethodError'{0x0000000088bff7b8}: 'int java.lang.invoke.DirectMethodHandle$Holder.invokeSpecial(java.lang.Object, java.lang.Object, java.lang.Object)'> (0x0000000088bff7b8) 
thrown [s\src\hotspot\share\interpreter\linkResolver.cpp, line 759]
Event: 0.383 Thread 0x000001be6da8cff0 Exception <a 'java/lang/NoSuchMethodError'{0x0000000088a07f60}: 'int java.lang.invoke.DirectMethodHandle$Holder.invokeSpecialIFC(java.lang.Object, java.lang.Object, java.lang.Object)'> (0x0000000088a07f60) 
thrown [s\src\hotspot\share\interpreter\linkResolver.cpp, line 759]
Event: 0.436 Thread 0x000001be6da8cff0 Exception <a 'sun/nio/fs/WindowsException'{0x00000000889dbfe8}> (0x00000000889dbfe8) 
thrown [s\src\hotspot\share\prims\jni.cpp, line 516]
Event: 0.445 Thread 0x000001be6da8cff0 Exception <a 'java/lang/NoSuchMethodError'{0x00000000888009d8}: 'int java.lang.invoke.DirectMethodHandle$Holder.invokeStaticInit(java.lang.Object, java.lang.Object, java.lang.Object, java.lang.Object)'> (0x00000000888009d8) 
thrown [s\src\hotspot\share\interpreter\linkResolver.cpp, line 759]
Event: 0.446 Thread 0x000001be6da8cff0 Exception <a 'java/lang/IncompatibleClassChangeError'{0x0000000088809bf8}: Found class java.lang.Object, but interface was expected> (0x0000000088809bf8) 
thrown [s\src\hotspot\share\interpreter\linkResolver.cpp, line 826]

VM Operations (10 events):
Event: 0.136 Executing VM operation: HandshakeAllThreads
Event: 0.136 Executing VM operation: HandshakeAllThreads done
Event: 0.264 Executing VM operation: HandshakeAllThreads
Event: 0.264 Executing VM operation: HandshakeAllThreads done
Event: 0.317 Executing VM operation: HandshakeAllThreads
Event: 0.317 Executing VM operation: HandshakeAllThreads done
Event: 0.362 Executing VM operation: HandshakeAllThreads
Event: 0.362 Executing VM operation: HandshakeAllThreads done
Event: 0.397 Executing VM operation: HandshakeAllThreads
Event: 0.398 Executing VM operation: HandshakeAllThreads done

Events (20 events):
Event: 0.450 loading class com/sun/crypto/provider/DESedeCipher done
Event: 0.450 loading class com/sun/crypto/provider/DESedeCrypt
Event: 0.450 loading class com/sun/crypto/provider/DESedeCrypt done
Event: 0.450 loading class com/sun/crypto/provider/AESCipher$General
Event: 0.450 loading class com/sun/crypto/provider/AESCipher
Event: 0.450 loading class com/sun/crypto/provider/AESCipher done
Event: 0.450 loading class com/sun/crypto/provider/AESCipher$General done
Event: 0.450 loading class com/sun/crypto/provider/AESCrypt
Event: 0.451 loading class com/sun/crypto/provider/AESConstants
Event: 0.451 loading class com/sun/crypto/provider/AESConstants done
Event: 0.451 loading class com/sun/crypto/provider/AESCrypt done
Event: 0.455 loading class sun/security/ssl/SSLCipher$T12GcmReadCipherGenerator
Event: 0.455 loading class sun/security/ssl/SSLCipher$T12GcmReadCipherGenerator done
Event: 0.455 loading class sun/security/ssl/SSLCipher$T12GcmWriteCipherGenerator
Event: 0.455 loading class sun/security/ssl/SSLCipher$T12GcmWriteCipherGenerator done
Event: 0.455 loading class com/sun/crypto/provider/GaloisCounterMode$AESGCM
Event: 0.455 loading class com/sun/crypto/provider/GaloisCounterMode
Event: 0.455 loading class com/sun/crypto/provider/GaloisCounterMode done
Event: 0.455 loading class com/sun/crypto/provider/GaloisCounterMode$AESGCM done
Event: 0.455 loading class java/lang/invoke/VarHandleByteArrayAsLongs$ArrayHandle


Dynamic libraries:
0x00007ff7b9630000 - 0x00007ff7b963e000 	C:\Users\Windows 10\Downloads\eclipse-java-2023-09-R-win32-x86_64\plugins\org.eclipse.justj.openjdk.hotspot.jre.full.win32.x86_64_17.0.8.v20230831-1047\jre\bin\javaw.exe
0x00007ffdcbd10000 - 0x00007ffdcbf08000 	C:\WINDOWS\SYSTEM32\ntdll.dll
0x00007ffdcaab0000 - 0x00007ffdcab6d000 	C:\WINDOWS\System32\KERNEL32.DLL
0x00007ffdc9780000 - 0x00007ffdc9a76000 	C:\WINDOWS\System32\KERNELBASE.dll
0x00007ffdc93f0000 - 0x00007ffdc94f0000 	C:\WINDOWS\System32\ucrtbase.dll
0x00007ffdc0320000 - 0x00007ffdc0337000 	C:\Users\Windows 10\Downloads\eclipse-java-2023-09-R-win32-x86_64\plugins\org.eclipse.justj.openjdk.hotspot.jre.full.win32.x86_64_17.0.8.v20230831-1047\jre\bin\jli.dll
0x00007ffdc00e0000 - 0x00007ffdc00f9000 	C:\Users\Windows 10\Downloads\eclipse-java-2023-09-R-win32-x86_64\plugins\org.eclipse.justj.openjdk.hotspot.jre.full.win32.x86_64_17.0.8.v20230831-1047\jre\bin\VCRUNTIME140.dll
0x00007ffdcbad0000 - 0x00007ffdcbc6e000 	C:\WINDOWS\System32\USER32.dll
0x00007ffdb2af0000 - 0x00007ffdb2d8a000 	C:\WINDOWS\WinSxS\amd64_microsoft.windows.common-controls_6595b64144ccf1df_6.0.19041.3636_none_60b6a03d71f818d5\COMCTL32.dll
0x00007ffdc9630000 - 0x00007ffdc9652000 	C:\WINDOWS\System32\win32u.dll
0x00007ffdca8e0000 - 0x00007ffdca97e000 	C:\WINDOWS\System32\msvcrt.dll
0x00007ffdca6e0000 - 0x00007ffdca70c000 	C:\WINDOWS\System32\GDI32.dll
0x00007ffdc9660000 - 0x00007ffdc977a000 	C:\WINDOWS\System32\gdi32full.dll
0x00007ffdc9590000 - 0x00007ffdc962d000 	C:\WINDOWS\System32\msvcp_win.dll
0x00007ffdc9f30000 - 0x00007ffdc9f60000 	C:\WINDOWS\System32\IMM32.DLL
0x00007ffdc3fa0000 - 0x00007ffdc3fac000 	C:\Users\Windows 10\Downloads\eclipse-java-2023-09-R-win32-x86_64\plugins\org.eclipse.justj.openjdk.hotspot.jre.full.win32.x86_64_17.0.8.v20230831-1047\jre\bin\vcruntime140_1.dll
0x00007ffd9d300000 - 0x00007ffd9d391000 	C:\Users\Windows 10\Downloads\eclipse-java-2023-09-R-win32-x86_64\plugins\org.eclipse.justj.openjdk.hotspot.jre.full.win32.x86_64_17.0.8.v20230831-1047\jre\bin\msvcp140.dll
0x00007ffd66800000 - 0x00007ffd6744c000 	C:\Users\Windows 10\Downloads\eclipse-java-2023-09-R-win32-x86_64\plugins\org.eclipse.justj.openjdk.hotspot.jre.full.win32.x86_64_17.0.8.v20230831-1047\jre\bin\server\jvm.dll
0x00007ffdca980000 - 0x00007ffdcaa2f000 	C:\WINDOWS\System32\ADVAPI32.dll
0x00007ffdc9e30000 - 0x00007ffdc9ecc000 	C:\WINDOWS\System32\sechost.dll
0x00007ffdcaca0000 - 0x00007ffdcadc6000 	C:\WINDOWS\System32\RPCRT4.dll
0x00007ffdc89a0000 - 0x00007ffdc89eb000 	C:\WINDOWS\SYSTEM32\POWRPROF.dll
0x00007ffdb4be0000 - 0x00007ffdb4be9000 	C:\WINDOWS\SYSTEM32\WSOCK32.dll
0x00007ffdb29a0000 - 0x00007ffdb29c7000 	C:\WINDOWS\SYSTEM32\WINMM.dll
0x00007ffdcaa40000 - 0x00007ffdcaaab000 	C:\WINDOWS\System32\WS2_32.dll
0x00007ffdc0ee0000 - 0x00007ffdc0eea000 	C:\WINDOWS\SYSTEM32\VERSION.dll
0x00007ffdc8970000 - 0x00007ffdc8982000 	C:\WINDOWS\SYSTEM32\UMPDC.dll
0x00007ffdc7c90000 - 0x00007ffdc7ca2000 	C:\WINDOWS\SYSTEM32\kernel.appcore.dll
0x00007ffdc3fd0000 - 0x00007ffdc3fda000 	C:\Users\Windows 10\Downloads\eclipse-java-2023-09-R-win32-x86_64\plugins\org.eclipse.justj.openjdk.hotspot.jre.full.win32.x86_64_17.0.8.v20230831-1047\jre\bin\jimage.dll
0x00007ffdc7970000 - 0x00007ffdc7b54000 	C:\WINDOWS\SYSTEM32\DBGHELP.DLL
0x00007ffdb7280000 - 0x00007ffdb72b4000 	C:\WINDOWS\SYSTEM32\dbgcore.DLL
0x00007ffdc9ad0000 - 0x00007ffdc9b52000 	C:\WINDOWS\System32\bcryptPrimitives.dll
0x00007ffdc0340000 - 0x00007ffdc0365000 	C:\Users\Windows 10\Downloads\eclipse-java-2023-09-R-win32-x86_64\plugins\org.eclipse.justj.openjdk.hotspot.jre.full.win32.x86_64_17.0.8.v20230831-1047\jre\bin\java.dll
0x00007ffdc3fb0000 - 0x00007ffdc3fc8000 	C:\Users\Windows 10\Downloads\eclipse-java-2023-09-R-win32-x86_64\plugins\org.eclipse.justj.openjdk.hotspot.jre.full.win32.x86_64_17.0.8.v20230831-1047\jre\bin\zip.dll
0x00007ffdcb300000 - 0x00007ffdcba44000 	C:\WINDOWS\System32\SHELL32.dll
0x00007ffdc7100000 - 0x00007ffdc789b000 	C:\WINDOWS\SYSTEM32\windows.storage.dll
0x00007ffdcafa0000 - 0x00007ffdcb2f4000 	C:\WINDOWS\System32\combase.dll
0x00007ffdc8e30000 - 0x00007ffdc8e5d000 	C:\WINDOWS\SYSTEM32\Wldp.dll
0x00007ffdc9d80000 - 0x00007ffdc9e2d000 	C:\WINDOWS\System32\SHCORE.dll
0x00007ffdcbc70000 - 0x00007ffdcbcc5000 	C:\WINDOWS\System32\shlwapi.dll
0x00007ffdc9320000 - 0x00007ffdc9345000 	C:\WINDOWS\SYSTEM32\profapi.dll
0x00007ffdc21d0000 - 0x00007ffdc21e9000 	C:\Users\Windows 10\Downloads\eclipse-java-2023-09-R-win32-x86_64\plugins\org.eclipse.justj.openjdk.hotspot.jre.full.win32.x86_64_17.0.8.v20230831-1047\jre\bin\net.dll
0x00007ffdc2760000 - 0x00007ffdc286a000 	C:\WINDOWS\SYSTEM32\WINHTTP.dll
0x00007ffdc8b90000 - 0x00007ffdc8bfa000 	C:\WINDOWS\system32\mswsock.dll
0x00007ffdb5080000 - 0x00007ffdb5095000 	C:\Users\Windows 10\Downloads\eclipse-java-2023-09-R-win32-x86_64\plugins\org.eclipse.justj.openjdk.hotspot.jre.full.win32.x86_64_17.0.8.v20230831-1047\jre\bin\nio.dll
0x00007ffdc8850000 - 0x00007ffdc891a000 	C:\WINDOWS\SYSTEM32\DNSAPI.dll
0x00007ffdc8810000 - 0x00007ffdc884b000 	C:\WINDOWS\SYSTEM32\IPHLPAPI.DLL
0x00007ffdcaa30000 - 0x00007ffdcaa38000 	C:\WINDOWS\System32\NSI.dll
0x00007ffdbb810000 - 0x00007ffdbb81a000 	C:\Windows\System32\rasadhlp.dll
0x00007ffdbb830000 - 0x00007ffdbb8b0000 	C:\WINDOWS\System32\fwpuclnt.dll
0x00007ffdc94f0000 - 0x00007ffdc9517000 	C:\WINDOWS\System32\bcrypt.dll

dbghelp: loaded successfully - version: 4.0.5 - missing functions: none
symbol engine: initialized successfully - sym options: 0x614 - pdb path: .;C:\Users\Windows 10\Downloads\eclipse-java-2023-09-R-win32-x86_64\plugins\org.eclipse.justj.openjdk.hotspot.jre.full.win32.x86_64_17.0.8.v20230831-1047\jre\bin;C:\WINDOWS\SYSTEM32;C:\WINDOWS\WinSxS\amd64_microsoft.windows.common-controls_6595b64144ccf1df_6.0.19041.3636_none_60b6a03d71f818d5;C:\Users\Windows 10\Downloads\eclipse-java-2023-09-R-win32-x86_64\plugins\org.eclipse.justj.openjdk.hotspot.jre.full.win32.x86_64_17.0.8.v20230831-1047\jre\bin\server

VM Arguments:
jvm_args: -Dfile.encoding=UTF-8 -Dstdout.encoding=UTF-8 -Dstderr.encoding=UTF-8 -XX:+ShowCodeDetailsInExceptionMessages 
java_command: edureka.demo
java_class_path (initial): C:\Users\Windows 10\git\Seleniumdemoedureka\bin;C:\Selenium webdriver\selenium-java-4.15.0\lib\auto-service-annotations-1.1.1.jar;C:\Selenium webdriver\selenium-java-4.15.0\lib\byte-buddy-1.14.5.jar;C:\Selenium webdriver\selenium-java-4.15.0\lib\checker-qual-3.33.0.jar;C:\Selenium webdriver\selenium-java-4.15.0\lib\commons-exec-1.3.jar;C:\Selenium webdriver\selenium-java-4.15.0\lib\error_prone_annotations-2.18.0.jar;C:\Selenium webdriver\selenium-java-4.15.0\lib\failsafe-3.3.2.jar;C:\Selenium webdriver\selenium-java-4.15.0\lib\failureaccess-1.0.1.jar;C:\Selenium webdriver\selenium-java-4.15.0\lib\guava-32.1.2-jre.jar;C:\Selenium webdriver\selenium-java-4.15.0\lib\j2objc-annotations-2.8.jar;C:\Selenium webdriver\selenium-java-4.15.0\lib\jsr305-3.0.2.jar;C:\Selenium webdriver\selenium-java-4.15.0\lib\listenablefuture-9999.0-empty-to-avoid-conflict-with-guava.jar;C:\Selenium webdriver\selenium-java-4.15.0\lib\opentelemetry-api-1.28.0.jar;C:\Selenium webdriver\selenium-java-4.15.0\lib\opentelemetry-api-events-1.28.0-alpha.jar;C:\Selenium webdriver\selenium-java-4.15.0\lib\opentelemetry-context-1.28.0.jar;C:\Selenium webdriver\selenium-java-4.15.0\lib\opentelemetry-exporter-logging-1.28.0.jar;C:\Selenium webdriver\selenium-java-4.15.0\lib\opentelemetry-extension-incubator-1.28.0-alpha.jar;C:\Selenium webdriver\selenium-java-4.15.0\lib\opentelemetry-sdk-1.28.0.jar;C:\Selenium webdriver\selenium-java-4.15.0\lib\opentelemetry-sdk-common-1.28.0.jar;C:\Selenium webdriver\selenium-java-4.15.0\lib\opentelemetry-sdk-extension-autoconfigure-1.28.0.jar;C:\Selenium webdriver\selenium-java-4.15.0\lib\opentelemetry-sdk-extension-autoconfigure-spi-1.28.0.jar;C:\Selenium webdriver\selenium-java-4.15.0\lib\opentelemetry-sdk-logs-1.28.0.jar;C:\Selenium webdriver\selenium-java-4.15.0\lib\opentelemetry-sdk-metrics-1.28.0.jar;C:\Selenium webdriver\selenium-java-4.15.0\lib\opentelemetry-sdk-trace-1.28.0.jar;C:\Selenium webdriver\selenium-java-4.15.0\lib\opentelem
Launcher Type: SUN_STANDARD

[Global flags]
     intx CICompilerCount                          = 4                                         {product} {ergonomic}
     uint ConcGCThreads                            = 2                                         {product} {ergonomic}
     uint G1ConcRefinementThreads                  = 8                                         {product} {ergonomic}
   size_t G1HeapRegionSize                         = 1048576                                   {product} {ergonomic}
    uintx GCDrainStackTargetSize                   = 64                                        {product} {ergonomic}
   size_t InitialHeapSize                          = 134217728                                 {product} {ergonomic}
   size_t MarkStackSize                            = 4194304                                   {product} {ergonomic}
   size_t MaxHeapSize                              = 2126512128                                {product} {ergonomic}
   size_t MaxNewSize                               = 1275068416                                {product} {ergonomic}
   size_t MinHeapDeltaBytes                        = 1048576                                   {product} {ergonomic}
   size_t MinHeapSize                              = 8388608                                   {product} {ergonomic}
    uintx NonNMethodCodeHeapSize                   = 5839372                                {pd product} {ergonomic}
    uintx NonProfiledCodeHeapSize                  = 122909434                              {pd product} {ergonomic}
    uintx ProfiledCodeHeapSize                     = 122909434                              {pd product} {ergonomic}
    uintx ReservedCodeCacheSize                    = 251658240                              {pd product} {ergonomic}
     bool SegmentedCodeCache                       = true                                      {product} {ergonomic}
     bool ShowCodeDetailsInExceptionMessages       = true                                   {manageable} {command line}
   size_t SoftMaxHeapSize                          = 2126512128                             {manageable} {ergonomic}
     bool UseCompressedClassPointers               = true                           {product lp64_product} {ergonomic}
     bool UseCompressedOops                        = true                           {product lp64_product} {ergonomic}
     bool UseG1GC                                  = true                                      {product} {ergonomic}
     bool UseLargePagesIndividualAllocation        = false                                  {pd product} {ergonomic}

Logging:
Log output configuration:
 #0: stdout all=warning uptime,level,tags
 #1: stderr all=off uptime,level,tags

Environment Variables:
PATH=C:/Users/Windows 10/Downloads/eclipse-java-2023-09-R-win32-x86_64//plugins/org.eclipse.justj.openjdk.hotspot.jre.full.win32.x86_64_17.0.8.v20230831-1047/jre/bin/server;C:/Users/Windows 10/Downloads/eclipse-java-2023-09-R-win32-x86_64//plugins/org.eclipse.justj.openjdk.hotspot.jre.full.win32.x86_64_17.0.8.v20230831-1047/jre/bin;C:\Program Files\Common Files\Oracle\Java\javapath;C:\Python312\Scripts\;C:\Python312\;C:\Program Files (x86)\NVIDIA Corporation\PhysX\Common;C:\Program Files (x86)\Common Files\Intel\Shared Files\cpp\bin\Intel64;C:\WINDOWS\system32;C:\WINDOWS;C:\WINDOWS\System32\Wbem;C:\WINDOWS\System32\WindowsPowerShell\v1.0\;C:\Windows\IsmFiles;C:\Program Files (x86)\Windows Kits\8.1\Windows Performance Toolkit\;C:\WINDOWS\System32\OpenSSH\;C:\Program Files\Git\cmd;C:\Program Files\nodejs\;C:\ProgramData\chocolatey\bin;C:\Users\Windows 10\AppData\Local\Programs\Python\Python310\Scripts\;C:\Users\Windows 10\AppData\Local\Programs\Python\Python310\;C:\Users\Windows 10\AppData\Local\Microsoft\WindowsApps;;C:\Users\Windows 10\AppData\Local\Programs\Microsoft VS Code\bin;C:\Users\Windows 10\AppData\Roaming\npm;C:\Users\Windows 10\Downloads\eclipse-java-2023-09-R-win32-x86_64;
USERNAME=Windows 10
OS=Windows_NT
PROCESSOR_IDENTIFIER=Intel64 Family 6 Model 142 Stepping 10, GenuineIntel
TMP=C:\Users\WINDOW~1\AppData\Local\Temp
TEMP=C:\Users\WINDOW~1\AppData\Local\Temp



---------------  S Y S T E M  ---------------

OS:
 Windows 10 , 64 bit Build 19041 (10.0.19041.3636)
OS uptime: 0 days 3:32 hours

CPU: total 8 (initial active 8) (4 cores per cpu, 2 threads per core) family 6 model 142 stepping 10 microcode 0xb4, cx8, cmov, fxsr, ht, mmx, 3dnowpref, sse, sse2, sse3, ssse3, sse4.1, sse4.2, popcnt, lzcnt, tsc, tscinvbit, avx, avx2, aes, erms, clmul, bmi1, bmi2, adx, fma, vzeroupper, clflush, clflushopt
Processor Information for all 8 processors :
  Max Mhz: 1801, Current Mhz: 1801, Mhz Limit: 1801

Memory: 4k page, system-wide physical 8108M (1148M free)
TotalPageFile size 8108M (AvailPageFile size 4M)
current process WorkingSet (physical memory assigned to process): 64M, peak: 64M
current process commit charge ("private bytes"): 220M, peak: 220M

vm_info: OpenJDK 64-Bit Server VM (17.0.8.1+1) for windows-amd64 JRE (17.0.8.1+1), built on Aug 23 2023 15:29:17 by "admin" with MS VC++ 16.7 (VS2019)

END.
