#
# There is insufficient memory for the Java Runtime Environment to continue.
# Native memory allocation (malloc) failed to allocate 375424 bytes for Chunk::new
# Possible reasons:
#   The system is out of physical RAM or swap space
#   The process is running with CompressedOops enabled, and the Java Heap may be blocking the growth of the native heap
# Possible solutions:
#   Reduce memory load on the system
#   Increase physical memory or swap space
#   Check if swap backing store is full
#   Decrease Java heap size (-Xmx/-Xms)
#   Decrease number of Java threads
#   Decrease Java thread stack sizes (-Xss)
#   Set larger code cache with -XX:ReservedCodeCacheSize=
#   JVM is running with Unscaled Compressed Oops mode in which the Java heap is
#     placed in the first 4GB address space. The Java Heap base address is the
#     maximum limit for the native heap growth. Please use -XX:HeapBaseMinAddress
#     to set the Java Heap base and to place the Java Heap above 4GB virtual address.
# This output file may be truncated or incomplete.
#
#  Out of Memory Error (arena.cpp:189), pid=14456, tid=6852
#
# JRE version: OpenJDK Runtime Environment Temurin-17.0.8.1+1 (17.0.8.1+1) (build 17.0.8.1+1)
# Java VM: OpenJDK 64-Bit Server VM Temurin-17.0.8.1+1 (17.0.8.1+1, mixed mode, tiered, compressed oops, compressed class ptrs, g1 gc, windows-amd64)
# No core dump will be written. Minidumps are not enabled by default on client versions of Windows
#

---------------  S U M M A R Y ------------

Command Line: -Dfile.encoding=UTF-8 -Dstdout.encoding=UTF-8 -Dstderr.encoding=UTF-8 -XX:+ShowCodeDetailsInExceptionMessages edureka.demo

Host: Intel(R) Core(TM) i5-8250U CPU @ 1.60GHz, 8 cores, 7G,  Windows 10 , 64 bit Build 19041 (10.0.19041.3636)
Time: Fri Nov 17 15:09:43 2023 India Standard Time elapsed time: 0.475769 seconds (0d 0h 0m 0s)

---------------  T H R E A D  ---------------

Current thread (0x00000138bb9d0dd0):  JavaThread "C2 CompilerThread1" daemon [_thread_in_native, id=6852, stack(0x00000037ee200000,0x00000037ee300000)]


Current CompileTask:
C2:    475  795       4       java.util.HashMap::putVal (300 bytes)

Stack: [0x00000037ee200000,0x00000037ee300000]
Native frames: (J=compiled Java code, j=interpreted, Vv=VM code, C=native code)
V  [jvm.dll+0x678b0a]
V  [jvm.dll+0x835e84]
V  [jvm.dll+0x83762e]
V  [jvm.dll+0x837c93]
V  [jvm.dll+0x24746f]
V  [jvm.dll+0xac20c]
V  [jvm.dll+0xac7dc]
V  [jvm.dll+0x365ca7]
V  [jvm.dll+0x3301a1]
V  [jvm.dll+0x32f64a]
V  [jvm.dll+0x219bf1]
V  [jvm.dll+0x219011]
V  [jvm.dll+0x1a534d]
V  [jvm.dll+0x228d8a]
V  [jvm.dll+0x226dcc]
V  [jvm.dll+0x7ec09b]
V  [jvm.dll+0x7e64ca]
V  [jvm.dll+0x677955]
C  [ucrtbase.dll+0x21bb2]
C  [KERNEL32.DLL+0x17344]
C  [ntdll.dll+0x526b1]


---------------  P R O C E S S  ---------------

Threads class SMR info:
_java_thread_list=0x00000138bb992c90, length=14, elements={
0x000001389ad72d50, 0x00000138b6cca4d0, 0x00000138b6ccbfb0, 0x00000138b6ca28d0,
0x00000138bb033020, 0x00000138bb035900, 0x00000138bb0361d0, 0x00000138bb041fb0,
0x00000138bb042ed0, 0x00000138bb0437e0, 0x00000138bb1b2620, 0x00000138bb1bab00,
0x00000138bb9d0dd0, 0x00000138bb6371f0
}

Java Threads: ( => current thread )
  0x000001389ad72d50 JavaThread "main" [_thread_in_vm, id=14368, stack(0x00000037ecf00000,0x00000037ed000000)]
  0x00000138b6cca4d0 JavaThread "Reference Handler" daemon [_thread_blocked, id=13624, stack(0x00000037ed600000,0x00000037ed700000)]
  0x00000138b6ccbfb0 JavaThread "Finalizer" daemon [_thread_blocked, id=2420, stack(0x00000037ed700000,0x00000037ed800000)]
  0x00000138b6ca28d0 JavaThread "Signal Dispatcher" daemon [_thread_blocked, id=6772, stack(0x00000037ed800000,0x00000037ed900000)]
  0x00000138bb033020 JavaThread "Attach Listener" daemon [_thread_blocked, id=4616, stack(0x00000037ed900000,0x00000037eda00000)]
  0x00000138bb035900 JavaThread "Service Thread" daemon [_thread_blocked, id=8080, stack(0x00000037eda00000,0x00000037edb00000)]
  0x00000138bb0361d0 JavaThread "Monitor Deflation Thread" daemon [_thread_blocked, id=5840, stack(0x00000037edb00000,0x00000037edc00000)]
  0x00000138bb041fb0 JavaThread "C2 CompilerThread0" daemon [_thread_in_native, id=13584, stack(0x00000037edc00000,0x00000037edd00000)]
  0x00000138bb042ed0 JavaThread "C1 CompilerThread0" daemon [_thread_blocked, id=2540, stack(0x00000037edd00000,0x00000037ede00000)]
  0x00000138bb0437e0 JavaThread "Sweeper thread" daemon [_thread_blocked, id=6684, stack(0x00000037ede00000,0x00000037edf00000)]
  0x00000138bb1b2620 JavaThread "Notification Thread" daemon [_thread_blocked, id=13280, stack(0x00000037edf00000,0x00000037ee000000)]
  0x00000138bb1bab00 JavaThread "Common-Cleaner" daemon [_thread_blocked, id=9140, stack(0x00000037ee100000,0x00000037ee200000)]
=>0x00000138bb9d0dd0 JavaThread "C2 CompilerThread1" daemon [_thread_in_native, id=6852, stack(0x00000037ee200000,0x00000037ee300000)]
  0x00000138bb6371f0 JavaThread "ForkJoinPool.commonPool-worker-1" daemon [_thread_blocked, id=4984, stack(0x00000037ee300000,0x00000037ee400000)]

Other Threads:
  0x00000138b6cc6a00 VMThread "VM Thread" [stack: 0x00000037ed500000,0x00000037ed600000] [id=11964]
  0x000001389ade93f0 WatcherThread [stack: 0x00000037ee000000,0x00000037ee100000] [id=4384]
  0x000001389adcf6e0 GCTaskThread "GC Thread#0" [stack: 0x00000037ed000000,0x00000037ed100000] [id=7144]
  0x000001389ade0160 ConcurrentGCThread "G1 Main Marker" [stack: 0x00000037ed100000,0x00000037ed200000] [id=13260]
  0x000001389ade30d0 ConcurrentGCThread "G1 Conc#0" [stack: 0x00000037ed200000,0x00000037ed300000] [id=14112]
  0x00000138b6b124d0 ConcurrentGCThread "G1 Refine#0" [stack: 0x00000037ed300000,0x00000037ed400000] [id=13156]
  0x00000138b6b12cb0 ConcurrentGCThread "G1 Service" [stack: 0x00000037ed400000,0x00000037ed500000] [id=5712]

Threads with active compile tasks:
C2 CompilerThread0      493  803       4       java.util.HashMap::put (13 bytes)
C2 CompilerThread1      493  795       4       java.util.HashMap::putVal (300 bytes)

VM state: not at safepoint (normal execution)

VM Mutex/Monitor currently owned by a thread:  ([mutex/lock_event])
[0x000001389ad6e640] Metaspace_lock - owner thread: 0x000001389ad72d50

Heap address: 0x0000000081400000, size: 2028 MB, Compressed Oops mode: 32-bit

CDS archive(s) not mapped
Compressed class space mapped at: 0x0000000100000000-0x0000000140000000, reserved size: 1073741824
Narrow klass base: 0x0000000000000000, Narrow klass shift: 3, Narrow klass range: 0x140000000

GC Precious Log:
 CPUs: 8 total, 8 available
 Memory: 8108M
 Large Page Support: Disabled
 NUMA Support: Disabled
 Compressed Oops: Enabled (32-bit)
 Heap Region Size: 1M
 Heap Min Capacity: 8M
 Heap Initial Capacity: 128M
 Heap Max Capacity: 2028M
 Pre-touch: Disabled
 Parallel Workers: 8
 Concurrent Workers: 2
 Concurrent Refinement Workers: 8
 Periodic GC: Disabled

Heap:
 garbage-first heap   total 131072K, used 13312K [0x0000000081400000, 0x0000000100000000)
  region size 1024K, 12 young (12288K), 0 survivors (0K)
 Metaspace       used 12919K, committed 13056K, reserved 1114112K
  class space    used 1255K, committed 1344K, reserved 1048576K

Heap Regions: E=young(eden), S=young(survivor), O=old, HS=humongous(starts), HC=humongous(continues), CS=collection set, F=free, OA=open archive, CA=closed archive, TAMS=top-at-mark-start (previous, next)
|   0|0x0000000081400000, 0x0000000081500000, 0x0000000081500000|100%|HS|  |TAMS 0x0000000081400000, 0x0000000081400000| Complete 
|   1|0x0000000081500000, 0x0000000081600000, 0x0000000081600000|100%|HC|  |TAMS 0x0000000081500000, 0x0000000081500000| Complete 
|   2|0x0000000081600000, 0x0000000081700000, 0x0000000081700000|100%|HC|  |TAMS 0x0000000081600000, 0x0000000081600000| Complete 
|   3|0x0000000081700000, 0x0000000081700000, 0x0000000081800000|  0%| F|  |TAMS 0x0000000081700000, 0x0000000081700000| Untracked 
|   4|0x0000000081800000, 0x0000000081800000, 0x0000000081900000|  0%| F|  |TAMS 0x0000000081800000, 0x0000000081800000| Untracked 
|   5|0x0000000081900000, 0x0000000081900000, 0x0000000081a00000|  0%| F|  |TAMS 0x0000000081900000, 0x0000000081900000| Untracked 
|   6|0x0000000081a00000, 0x0000000081a00000, 0x0000000081b00000|  0%| F|  |TAMS 0x0000000081a00000, 0x0000000081a00000| Untracked 
|   7|0x0000000081b00000, 0x0000000081b00000, 0x0000000081c00000|  0%| F|  |TAMS 0x0000000081b00000, 0x0000000081b00000| Untracked 
|   8|0x0000000081c00000, 0x0000000081c00000, 0x0000000081d00000|  0%| F|  |TAMS 0x0000000081c00000, 0x0000000081c00000| Untracked 
|   9|0x0000000081d00000, 0x0000000081d00000, 0x0000000081e00000|  0%| F|  |TAMS 0x0000000081d00000, 0x0000000081d00000| Untracked 
|  10|0x0000000081e00000, 0x0000000081e00000, 0x0000000081f00000|  0%| F|  |TAMS 0x0000000081e00000, 0x0000000081e00000| Untracked 
|  11|0x0000000081f00000, 0x0000000081f00000, 0x0000000082000000|  0%| F|  |TAMS 0x0000000081f00000, 0x0000000081f00000| Untracked 
|  12|0x0000000082000000, 0x0000000082000000, 0x0000000082100000|  0%| F|  |TAMS 0x0000000082000000, 0x0000000082000000| Untracked 
|  13|0x0000000082100000, 0x0000000082100000, 0x0000000082200000|  0%| F|  |TAMS 0x0000000082100000, 0x0000000082100000| Untracked 
|  14|0x0000000082200000, 0x0000000082200000, 0x0000000082300000|  0%| F|  |TAMS 0x0000000082200000, 0x0000000082200000| Untracked 
|  15|0x0000000082300000, 0x0000000082300000, 0x0000000082400000|  0%| F|  |TAMS 0x0000000082300000, 0x0000000082300000| Untracked 
|  16|0x0000000082400000, 0x0000000082400000, 0x0000000082500000|  0%| F|  |TAMS 0x0000000082400000, 0x0000000082400000| Untracked 
|  17|0x0000000082500000, 0x0000000082500000, 0x0000000082600000|  0%| F|  |TAMS 0x0000000082500000, 0x0000000082500000| Untracked 
|  18|0x0000000082600000, 0x0000000082600000, 0x0000000082700000|  0%| F|  |TAMS 0x0000000082600000, 0x0000000082600000| Untracked 
|  19|0x0000000082700000, 0x0000000082700000, 0x0000000082800000|  0%| F|  |TAMS 0x0000000082700000, 0x0000000082700000| Untracked 
|  20|0x0000000082800000, 0x0000000082800000, 0x0000000082900000|  0%| F|  |TAMS 0x0000000082800000, 0x0000000082800000| Untracked 
|  21|0x0000000082900000, 0x0000000082900000, 0x0000000082a00000|  0%| F|  |TAMS 0x0000000082900000, 0x0000000082900000| Untracked 
|  22|0x0000000082a00000, 0x0000000082a00000, 0x0000000082b00000|  0%| F|  |TAMS 0x0000000082a00000, 0x0000000082a00000| Untracked 
|  23|0x0000000082b00000, 0x0000000082b00000, 0x0000000082c00000|  0%| F|  |TAMS 0x0000000082b00000, 0x0000000082b00000| Untracked 
|  24|0x0000000082c00000, 0x0000000082c00000, 0x0000000082d00000|  0%| F|  |TAMS 0x0000000082c00000, 0x0000000082c00000| Untracked 
|  25|0x0000000082d00000, 0x0000000082d00000, 0x0000000082e00000|  0%| F|  |TAMS 0x0000000082d00000, 0x0000000082d00000| Untracked 
|  26|0x0000000082e00000, 0x0000000082e00000, 0x0000000082f00000|  0%| F|  |TAMS 0x0000000082e00000, 0x0000000082e00000| Untracked 
|  27|0x0000000082f00000, 0x0000000082f00000, 0x0000000083000000|  0%| F|  |TAMS 0x0000000082f00000, 0x0000000082f00000| Untracked 
|  28|0x0000000083000000, 0x0000000083000000, 0x0000000083100000|  0%| F|  |TAMS 0x0000000083000000, 0x0000000083000000| Untracked 
|  29|0x0000000083100000, 0x0000000083100000, 0x0000000083200000|  0%| F|  |TAMS 0x0000000083100000, 0x0000000083100000| Untracked 
|  30|0x0000000083200000, 0x0000000083200000, 0x0000000083300000|  0%| F|  |TAMS 0x0000000083200000, 0x0000000083200000| Untracked 
|  31|0x0000000083300000, 0x0000000083300000, 0x0000000083400000|  0%| F|  |TAMS 0x0000000083300000, 0x0000000083300000| Untracked 
|  32|0x0000000083400000, 0x0000000083400000, 0x0000000083500000|  0%| F|  |TAMS 0x0000000083400000, 0x0000000083400000| Untracked 
|  33|0x0000000083500000, 0x0000000083500000, 0x0000000083600000|  0%| F|  |TAMS 0x0000000083500000, 0x0000000083500000| Untracked 
|  34|0x0000000083600000, 0x0000000083600000, 0x0000000083700000|  0%| F|  |TAMS 0x0000000083600000, 0x0000000083600000| Untracked 
|  35|0x0000000083700000, 0x0000000083700000, 0x0000000083800000|  0%| F|  |TAMS 0x0000000083700000, 0x0000000083700000| Untracked 
|  36|0x0000000083800000, 0x0000000083800000, 0x0000000083900000|  0%| F|  |TAMS 0x0000000083800000, 0x0000000083800000| Untracked 
|  37|0x0000000083900000, 0x0000000083900000, 0x0000000083a00000|  0%| F|  |TAMS 0x0000000083900000, 0x0000000083900000| Untracked 
|  38|0x0000000083a00000, 0x0000000083a00000, 0x0000000083b00000|  0%| F|  |TAMS 0x0000000083a00000, 0x0000000083a00000| Untracked 
|  39|0x0000000083b00000, 0x0000000083b00000, 0x0000000083c00000|  0%| F|  |TAMS 0x0000000083b00000, 0x0000000083b00000| Untracked 
|  40|0x0000000083c00000, 0x0000000083c00000, 0x0000000083d00000|  0%| F|  |TAMS 0x0000000083c00000, 0x0000000083c00000| Untracked 
|  41|0x0000000083d00000, 0x0000000083d00000, 0x0000000083e00000|  0%| F|  |TAMS 0x0000000083d00000, 0x0000000083d00000| Untracked 
|  42|0x0000000083e00000, 0x0000000083e00000, 0x0000000083f00000|  0%| F|  |TAMS 0x0000000083e00000, 0x0000000083e00000| Untracked 
|  43|0x0000000083f00000, 0x0000000083f00000, 0x0000000084000000|  0%| F|  |TAMS 0x0000000083f00000, 0x0000000083f00000| Untracked 
|  44|0x0000000084000000, 0x0000000084000000, 0x0000000084100000|  0%| F|  |TAMS 0x0000000084000000, 0x0000000084000000| Untracked 
|  45|0x0000000084100000, 0x0000000084100000, 0x0000000084200000|  0%| F|  |TAMS 0x0000000084100000, 0x0000000084100000| Untracked 
|  46|0x0000000084200000, 0x0000000084200000, 0x0000000084300000|  0%| F|  |TAMS 0x0000000084200000, 0x0000000084200000| Untracked 
|  47|0x0000000084300000, 0x0000000084300000, 0x0000000084400000|  0%| F|  |TAMS 0x0000000084300000, 0x0000000084300000| Untracked 
|  48|0x0000000084400000, 0x0000000084400000, 0x0000000084500000|  0%| F|  |TAMS 0x0000000084400000, 0x0000000084400000| Untracked 
|  49|0x0000000084500000, 0x0000000084500000, 0x0000000084600000|  0%| F|  |TAMS 0x0000000084500000, 0x0000000084500000| Untracked 
|  50|0x0000000084600000, 0x0000000084600000, 0x0000000084700000|  0%| F|  |TAMS 0x0000000084600000, 0x0000000084600000| Untracked 
|  51|0x0000000084700000, 0x0000000084700000, 0x0000000084800000|  0%| F|  |TAMS 0x0000000084700000, 0x0000000084700000| Untracked 
|  52|0x0000000084800000, 0x0000000084800000, 0x0000000084900000|  0%| F|  |TAMS 0x0000000084800000, 0x0000000084800000| Untracked 
|  53|0x0000000084900000, 0x0000000084900000, 0x0000000084a00000|  0%| F|  |TAMS 0x0000000084900000, 0x0000000084900000| Untracked 
|  54|0x0000000084a00000, 0x0000000084a00000, 0x0000000084b00000|  0%| F|  |TAMS 0x0000000084a00000, 0x0000000084a00000| Untracked 
|  55|0x0000000084b00000, 0x0000000084b00000, 0x0000000084c00000|  0%| F|  |TAMS 0x0000000084b00000, 0x0000000084b00000| Untracked 
|  56|0x0000000084c00000, 0x0000000084c00000, 0x0000000084d00000|  0%| F|  |TAMS 0x0000000084c00000, 0x0000000084c00000| Untracked 
|  57|0x0000000084d00000, 0x0000000084d00000, 0x0000000084e00000|  0%| F|  |TAMS 0x0000000084d00000, 0x0000000084d00000| Untracked 
|  58|0x0000000084e00000, 0x0000000084e00000, 0x0000000084f00000|  0%| F|  |TAMS 0x0000000084e00000, 0x0000000084e00000| Untracked 
|  59|0x0000000084f00000, 0x0000000084f00000, 0x0000000085000000|  0%| F|  |TAMS 0x0000000084f00000, 0x0000000084f00000| Untracked 
|  60|0x0000000085000000, 0x0000000085000000, 0x0000000085100000|  0%| F|  |TAMS 0x0000000085000000, 0x0000000085000000| Untracked 
|  61|0x0000000085100000, 0x0000000085100000, 0x0000000085200000|  0%| F|  |TAMS 0x0000000085100000, 0x0000000085100000| Untracked 
|  62|0x0000000085200000, 0x0000000085200000, 0x0000000085300000|  0%| F|  |TAMS 0x0000000085200000, 0x0000000085200000| Untracked 
|  63|0x0000000085300000, 0x0000000085300000, 0x0000000085400000|  0%| F|  |TAMS 0x0000000085300000, 0x0000000085300000| Untracked 
|  64|0x0000000085400000, 0x0000000085400000, 0x0000000085500000|  0%| F|  |TAMS 0x0000000085400000, 0x0000000085400000| Untracked 
|  65|0x0000000085500000, 0x0000000085500000, 0x0000000085600000|  0%| F|  |TAMS 0x0000000085500000, 0x0000000085500000| Untracked 
|  66|0x0000000085600000, 0x0000000085600000, 0x0000000085700000|  0%| F|  |TAMS 0x0000000085600000, 0x0000000085600000| Untracked 
|  67|0x0000000085700000, 0x0000000085700000, 0x0000000085800000|  0%| F|  |TAMS 0x0000000085700000, 0x0000000085700000| Untracked 
|  68|0x0000000085800000, 0x0000000085800000, 0x0000000085900000|  0%| F|  |TAMS 0x0000000085800000, 0x0000000085800000| Untracked 
|  69|0x0000000085900000, 0x0000000085900000, 0x0000000085a00000|  0%| F|  |TAMS 0x0000000085900000, 0x0000000085900000| Untracked 
|  70|0x0000000085a00000, 0x0000000085a00000, 0x0000000085b00000|  0%| F|  |TAMS 0x0000000085a00000, 0x0000000085a00000| Untracked 
|  71|0x0000000085b00000, 0x0000000085b00000, 0x0000000085c00000|  0%| F|  |TAMS 0x0000000085b00000, 0x0000000085b00000| Untracked 
|  72|0x0000000085c00000, 0x0000000085c00000, 0x0000000085d00000|  0%| F|  |TAMS 0x0000000085c00000, 0x0000000085c00000| Untracked 
|  73|0x0000000085d00000, 0x0000000085d00000, 0x0000000085e00000|  0%| F|  |TAMS 0x0000000085d00000, 0x0000000085d00000| Untracked 
|  74|0x0000000085e00000, 0x0000000085e00000, 0x0000000085f00000|  0%| F|  |TAMS 0x0000000085e00000, 0x0000000085e00000| Untracked 
|  75|0x0000000085f00000, 0x0000000085f00000, 0x0000000086000000|  0%| F|  |TAMS 0x0000000085f00000, 0x0000000085f00000| Untracked 
|  76|0x0000000086000000, 0x0000000086000000, 0x0000000086100000|  0%| F|  |TAMS 0x0000000086000000, 0x0000000086000000| Untracked 
|  77|0x0000000086100000, 0x0000000086100000, 0x0000000086200000|  0%| F|  |TAMS 0x0000000086100000, 0x0000000086100000| Untracked 
|  78|0x0000000086200000, 0x0000000086200000, 0x0000000086300000|  0%| F|  |TAMS 0x0000000086200000, 0x0000000086200000| Untracked 
|  79|0x0000000086300000, 0x0000000086300000, 0x0000000086400000|  0%| F|  |TAMS 0x0000000086300000, 0x0000000086300000| Untracked 
|  80|0x0000000086400000, 0x0000000086400000, 0x0000000086500000|  0%| F|  |TAMS 0x0000000086400000, 0x0000000086400000| Untracked 
|  81|0x0000000086500000, 0x0000000086500000, 0x0000000086600000|  0%| F|  |TAMS 0x0000000086500000, 0x0000000086500000| Untracked 
|  82|0x0000000086600000, 0x0000000086600000, 0x0000000086700000|  0%| F|  |TAMS 0x0000000086600000, 0x0000000086600000| Untracked 
|  83|0x0000000086700000, 0x0000000086700000, 0x0000000086800000|  0%| F|  |TAMS 0x0000000086700000, 0x0000000086700000| Untracked 
|  84|0x0000000086800000, 0x0000000086800000, 0x0000000086900000|  0%| F|  |TAMS 0x0000000086800000, 0x0000000086800000| Untracked 
|  85|0x0000000086900000, 0x0000000086900000, 0x0000000086a00000|  0%| F|  |TAMS 0x0000000086900000, 0x0000000086900000| Untracked 
|  86|0x0000000086a00000, 0x0000000086a00000, 0x0000000086b00000|  0%| F|  |TAMS 0x0000000086a00000, 0x0000000086a00000| Untracked 
|  87|0x0000000086b00000, 0x0000000086b00000, 0x0000000086c00000|  0%| F|  |TAMS 0x0000000086b00000, 0x0000000086b00000| Untracked 
|  88|0x0000000086c00000, 0x0000000086c00000, 0x0000000086d00000|  0%| F|  |TAMS 0x0000000086c00000, 0x0000000086c00000| Untracked 
|  89|0x0000000086d00000, 0x0000000086d00000, 0x0000000086e00000|  0%| F|  |TAMS 0x0000000086d00000, 0x0000000086d00000| Untracked 
|  90|0x0000000086e00000, 0x0000000086e00000, 0x0000000086f00000|  0%| F|  |TAMS 0x0000000086e00000, 0x0000000086e00000| Untracked 
|  91|0x0000000086f00000, 0x0000000086f00000, 0x0000000087000000|  0%| F|  |TAMS 0x0000000086f00000, 0x0000000086f00000| Untracked 
|  92|0x0000000087000000, 0x0000000087000000, 0x0000000087100000|  0%| F|  |TAMS 0x0000000087000000, 0x0000000087000000| Untracked 
|  93|0x0000000087100000, 0x0000000087100000, 0x0000000087200000|  0%| F|  |TAMS 0x0000000087100000, 0x0000000087100000| Untracked 
|  94|0x0000000087200000, 0x0000000087200000, 0x0000000087300000|  0%| F|  |TAMS 0x0000000087200000, 0x0000000087200000| Untracked 
|  95|0x0000000087300000, 0x0000000087300000, 0x0000000087400000|  0%| F|  |TAMS 0x0000000087300000, 0x0000000087300000| Untracked 
|  96|0x0000000087400000, 0x0000000087400000, 0x0000000087500000|  0%| F|  |TAMS 0x0000000087400000, 0x0000000087400000| Untracked 
|  97|0x0000000087500000, 0x0000000087500000, 0x0000000087600000|  0%| F|  |TAMS 0x0000000087500000, 0x0000000087500000| Untracked 
|  98|0x0000000087600000, 0x0000000087600000, 0x0000000087700000|  0%| F|  |TAMS 0x0000000087600000, 0x0000000087600000| Untracked 
|  99|0x0000000087700000, 0x0000000087700000, 0x0000000087800000|  0%| F|  |TAMS 0x0000000087700000, 0x0000000087700000| Untracked 
| 100|0x0000000087800000, 0x0000000087800000, 0x0000000087900000|  0%| F|  |TAMS 0x0000000087800000, 0x0000000087800000| Untracked 
| 101|0x0000000087900000, 0x0000000087900000, 0x0000000087a00000|  0%| F|  |TAMS 0x0000000087900000, 0x0000000087900000| Untracked 
| 102|0x0000000087a00000, 0x0000000087a00000, 0x0000000087b00000|  0%| F|  |TAMS 0x0000000087a00000, 0x0000000087a00000| Untracked 
| 103|0x0000000087b00000, 0x0000000087b00000, 0x0000000087c00000|  0%| F|  |TAMS 0x0000000087b00000, 0x0000000087b00000| Untracked 
| 104|0x0000000087c00000, 0x0000000087c00000, 0x0000000087d00000|  0%| F|  |TAMS 0x0000000087c00000, 0x0000000087c00000| Untracked 
| 105|0x0000000087d00000, 0x0000000087d00000, 0x0000000087e00000|  0%| F|  |TAMS 0x0000000087d00000, 0x0000000087d00000| Untracked 
| 106|0x0000000087e00000, 0x0000000087e00000, 0x0000000087f00000|  0%| F|  |TAMS 0x0000000087e00000, 0x0000000087e00000| Untracked 
| 107|0x0000000087f00000, 0x0000000087f00000, 0x0000000088000000|  0%| F|  |TAMS 0x0000000087f00000, 0x0000000087f00000| Untracked 
| 108|0x0000000088000000, 0x0000000088000000, 0x0000000088100000|  0%| F|  |TAMS 0x0000000088000000, 0x0000000088000000| Untracked 
| 109|0x0000000088100000, 0x0000000088100000, 0x0000000088200000|  0%| F|  |TAMS 0x0000000088100000, 0x0000000088100000| Untracked 
| 110|0x0000000088200000, 0x0000000088200000, 0x0000000088300000|  0%| F|  |TAMS 0x0000000088200000, 0x0000000088200000| Untracked 
| 111|0x0000000088300000, 0x0000000088300000, 0x0000000088400000|  0%| F|  |TAMS 0x0000000088300000, 0x0000000088300000| Untracked 
| 112|0x0000000088400000, 0x0000000088400000, 0x0000000088500000|  0%| F|  |TAMS 0x0000000088400000, 0x0000000088400000| Untracked 
| 113|0x0000000088500000, 0x0000000088500000, 0x0000000088600000|  0%| F|  |TAMS 0x0000000088500000, 0x0000000088500000| Untracked 
| 114|0x0000000088600000, 0x0000000088600000, 0x0000000088700000|  0%| F|  |TAMS 0x0000000088600000, 0x0000000088600000| Untracked 
| 115|0x0000000088700000, 0x0000000088700000, 0x0000000088800000|  0%| F|  |TAMS 0x0000000088700000, 0x0000000088700000| Untracked 
| 116|0x0000000088800000, 0x0000000088900000, 0x0000000088900000|100%| E|  |TAMS 0x0000000088800000, 0x0000000088800000| Complete 
| 117|0x0000000088900000, 0x0000000088a00000, 0x0000000088a00000|100%| E|CS|TAMS 0x0000000088900000, 0x0000000088900000| Complete 
| 118|0x0000000088a00000, 0x0000000088b00000, 0x0000000088b00000|100%| E|CS|TAMS 0x0000000088a00000, 0x0000000088a00000| Complete 
| 119|0x0000000088b00000, 0x0000000088c00000, 0x0000000088c00000|100%| E|CS|TAMS 0x0000000088b00000, 0x0000000088b00000| Complete 
| 120|0x0000000088c00000, 0x0000000088d00000, 0x0000000088d00000|100%| E|CS|TAMS 0x0000000088c00000, 0x0000000088c00000| Complete 
| 121|0x0000000088d00000, 0x0000000088e00000, 0x0000000088e00000|100%| E|CS|TAMS 0x0000000088d00000, 0x0000000088d00000| Complete 
| 122|0x0000000088e00000, 0x0000000088f00000, 0x0000000088f00000|100%| E|CS|TAMS 0x0000000088e00000, 0x0000000088e00000| Complete 
| 123|0x0000000088f00000, 0x0000000089000000, 0x0000000089000000|100%| E|CS|TAMS 0x0000000088f00000, 0x0000000088f00000| Complete 
| 124|0x0000000089000000, 0x0000000089100000, 0x0000000089100000|100%| E|CS|TAMS 0x0000000089000000, 0x0000000089000000| Complete 
| 125|0x0000000089100000, 0x0000000089200000, 0x0000000089200000|100%| E|  |TAMS 0x0000000089100000, 0x0000000089100000| Complete 
| 126|0x0000000089200000, 0x0000000089300000, 0x0000000089300000|100%| E|CS|TAMS 0x0000000089200000, 0x0000000089200000| Complete 
| 127|0x0000000089300000, 0x0000000089400000, 0x0000000089400000|100%| E|CS|TAMS 0x0000000089300000, 0x0000000089300000| Complete 

Card table byte_map: [0x00000138afa60000,0x00000138afe60000] _byte_map_base: 0x00000138af656000

Marking Bits (Prev, Next): (CMBitMap*) 0x000001389adcfab0, (CMBitMap*) 0x000001389adcfaf0
 Prev Bits: [0x00000138b0260000, 0x00000138b2210000)
 Next Bits: [0x00000138b2210000, 0x00000138b41c0000)

Polling page: 0x000001389ac10000

Metaspace:

Usage:
  Non-class:     11.39 MB used.
      Class:      1.23 MB used.
       Both:     12.62 MB used.

Virtual space:
  Non-class space:       64.00 MB reserved,      11.44 MB ( 18%) committed,  1 nodes.
      Class space:        1.00 GB reserved,       1.31 MB ( <1%) committed,  1 nodes.
             Both:        1.06 GB reserved,      12.75 MB (  1%) committed. 

Chunk freelists:
   Non-Class:  4.45 MB
       Class:  14.73 MB
        Both:  19.19 MB

MaxMetaspaceSize: unlimited
CompressedClassSpaceSize: 1.00 GB
Initial GC threshold: 21.00 MB
Current GC threshold: 21.00 MB
CDS: off
MetaspaceReclaimPolicy: balanced
 - commit_granule_bytes: 65536.
 - commit_granule_words: 8192.
 - virtual_space_node_default_size: 8388608.
 - enlarge_chunks_in_place: 1.
 - new_chunks_are_fully_committed: 0.
 - uncommit_free_chunks: 1.
 - use_allocation_guard: 0.
 - handle_deallocations: 1.


Internal statistics:

num_allocs_failed_limit: 0.
num_arena_births: 52.
num_arena_deaths: 0.
num_vsnodes_births: 2.
num_vsnodes_deaths: 0.
num_space_committed: 204.
num_space_uncommitted: 0.
num_chunks_returned_to_freelist: 0.
num_chunks_taken_from_freelist: 143.
num_chunk_merges: 0.
num_chunk_splits: 75.
num_chunks_enlarged: 49.
num_inconsistent_stats: 0.

CodeHeap 'non-profiled nmethods': size=120000Kb used=256Kb max_used=256Kb free=119743Kb
 bounds [0x00000138a76b0000, 0x00000138a7920000, 0x00000138aebe0000]
CodeHeap 'profiled nmethods': size=120000Kb used=1312Kb max_used=1312Kb free=118687Kb
 bounds [0x000001389fbe0000, 0x000001389fe50000, 0x00000138a7110000]
CodeHeap 'non-nmethods': size=5760Kb used=1158Kb max_used=1172Kb free=4601Kb
 bounds [0x00000138a7110000, 0x00000138a7380000, 0x00000138a76b0000]
 total_blobs=1266 nmethods=815 adapters=364
 compilation: enabled
              stopped_count=0, restarted_count=0
 full_count=0

Compilation events (20 events):
Event: 0.461 Thread 0x00000138bb042ed0  806       3       jdk.internal.access.SharedSecrets::getJavaLangAccess (4 bytes)
Event: 0.461 Thread 0x00000138bb042ed0 nmethod 806 0x000001389fd22590 code [0x000001389fd22720, 0x000001389fd22818]
Event: 0.461 Thread 0x00000138bb042ed0  807       3       java.util.LinkedHashMap$Entry::<init> (10 bytes)
Event: 0.461 Thread 0x00000138bb042ed0 nmethod 807 0x000001389fd22890 code [0x000001389fd22a40, 0x000001389fd22d18]
Event: 0.461 Thread 0x00000138bb042ed0  808       3       sun.security.ssl.CipherSuite::supports (11 bytes)
Event: 0.461 Thread 0x00000138bb042ed0 nmethod 808 0x000001389fd22e10 code [0x000001389fd22fc0, 0x000001389fd23188]
Event: 0.461 Thread 0x00000138bb042ed0  809       3       java.util.Arrays$ArrayList::contains (14 bytes)
Event: 0.462 Thread 0x00000138bb042ed0 nmethod 809 0x000001389fd23290 code [0x000001389fd23440, 0x000001389fd235e8]
Event: 0.465 Thread 0x00000138bb042ed0  812       3       java.lang.Integer::parseInt (7 bytes)
Event: 0.465 Thread 0x00000138bb042ed0 nmethod 812 0x000001389fd23690 code [0x000001389fd23820, 0x000001389fd23948]
Event: 0.465 Thread 0x00000138bb042ed0  814       3       sun.security.util.ObjectIdentifier::checkOidSize (86 bytes)
Event: 0.466 Thread 0x00000138bb042ed0 nmethod 814 0x000001389fd23a10 code [0x000001389fd23d20, 0x000001389fd24a88]
Event: 0.466 Thread 0x00000138bb042ed0  813       3       sun.security.util.ObjectIdentifier::checkOtherComponent (41 bytes)
Event: 0.466 Thread 0x00000138bb042ed0 nmethod 813 0x000001389fd24f90 code [0x000001389fd251e0, 0x000001389fd258c8]
Event: 0.470 Thread 0x00000138bb042ed0  817       3       sun.security.util.ObjectIdentifier::pack (220 bytes)
Event: 0.471 Thread 0x00000138bb042ed0 nmethod 817 0x000001389fd25b90 code [0x000001389fd25d60, 0x000001389fd26388]
Event: 0.471 Thread 0x00000138bb042ed0  816       3       sun.security.util.ObjectIdentifier::pack7Oid (84 bytes)
Event: 0.472 Thread 0x00000138bb042ed0 nmethod 816 0x000001389fd26610 code [0x000001389fd267e0, 0x000001389fd26b38]
Event: 0.472 Thread 0x00000138bb042ed0  815       3       sun.security.util.ObjectIdentifier::pack7Oid (42 bytes)
Event: 0.472 Thread 0x00000138bb042ed0 nmethod 815 0x000001389fd26d10 code [0x000001389fd26ec0, 0x000001389fd270a8]

GC Heap History (0 events):
No events

Dll operation events (5 events):
Event: 0.006 Loaded shared library C:\Users\Windows 10\Downloads\eclipse-java-2023-09-R-win32-x86_64\plugins\org.eclipse.justj.openjdk.hotspot.jre.full.win32.x86_64_17.0.8.v20230831-1047\jre\bin\java.dll
Event: 0.128 Loaded shared library C:\Users\Windows 10\Downloads\eclipse-java-2023-09-R-win32-x86_64\plugins\org.eclipse.justj.openjdk.hotspot.jre.full.win32.x86_64_17.0.8.v20230831-1047\jre\bin\net.dll
Event: 0.129 Loaded shared library C:\Users\Windows 10\Downloads\eclipse-java-2023-09-R-win32-x86_64\plugins\org.eclipse.justj.openjdk.hotspot.jre.full.win32.x86_64_17.0.8.v20230831-1047\jre\bin\nio.dll
Event: 0.134 Loaded shared library C:\Users\Windows 10\Downloads\eclipse-java-2023-09-R-win32-x86_64\plugins\org.eclipse.justj.openjdk.hotspot.jre.full.win32.x86_64_17.0.8.v20230831-1047\jre\bin\zip.dll
Event: 0.223 Loaded shared library C:\Users\Windows 10\Downloads\eclipse-java-2023-09-R-win32-x86_64\plugins\org.eclipse.justj.openjdk.hotspot.jre.full.win32.x86_64_17.0.8.v20230831-1047\jre\bin\jimage.dll

Deoptimization events (20 events):
Event: 0.145 Thread 0x000001389ad72d50 DEOPT PACKING pc=0x000001389fbfba0c sp=0x00000037ecff9fc0
Event: 0.145 Thread 0x000001389ad72d50 DEOPT UNPACKING pc=0x00000138a7167143 sp=0x00000037ecff9450 mode 0
Event: 0.145 Thread 0x000001389ad72d50 DEOPT PACKING pc=0x000001389fbfba0c sp=0x00000037ecff9fc0
Event: 0.145 Thread 0x000001389ad72d50 DEOPT UNPACKING pc=0x00000138a7167143 sp=0x00000037ecff9450 mode 0
Event: 0.145 Thread 0x000001389ad72d50 DEOPT PACKING pc=0x000001389fbfba0c sp=0x00000037ecff9fc0
Event: 0.145 Thread 0x000001389ad72d50 DEOPT UNPACKING pc=0x00000138a7167143 sp=0x00000037ecff9450 mode 0
Event: 0.146 Thread 0x000001389ad72d50 DEOPT PACKING pc=0x000001389fbfba0c sp=0x00000037ecff9fc0
Event: 0.146 Thread 0x000001389ad72d50 DEOPT UNPACKING pc=0x00000138a7167143 sp=0x00000037ecff9450 mode 0
Event: 0.146 Thread 0x000001389ad72d50 DEOPT PACKING pc=0x000001389fbfba0c sp=0x00000037ecff9fc0
Event: 0.146 Thread 0x000001389ad72d50 DEOPT UNPACKING pc=0x00000138a7167143 sp=0x00000037ecff9450 mode 0
Event: 0.146 Thread 0x000001389ad72d50 DEOPT PACKING pc=0x000001389fbfba0c sp=0x00000037ecff9fc0
Event: 0.146 Thread 0x000001389ad72d50 DEOPT UNPACKING pc=0x00000138a7167143 sp=0x00000037ecff9450 mode 0
Event: 0.167 Thread 0x000001389ad72d50 DEOPT PACKING pc=0x000001389fbf95e7 sp=0x00000037ecffa390
Event: 0.167 Thread 0x000001389ad72d50 DEOPT UNPACKING pc=0x00000138a7167143 sp=0x00000037ecff97b0 mode 0
Event: 0.173 Thread 0x000001389ad72d50 DEOPT PACKING pc=0x000001389fbe74d1 sp=0x00000037ecffaec0
Event: 0.173 Thread 0x000001389ad72d50 DEOPT UNPACKING pc=0x00000138a7167143 sp=0x00000037ecffa338 mode 0
Event: 0.308 Thread 0x000001389ad72d50 Uncommon trap: trap_request=0xffffff45 fr.pc=0x00000138a76bbe64 relative=0x0000000000000064
Event: 0.308 Thread 0x000001389ad72d50 Uncommon trap: reason=unstable_if action=reinterpret pc=0x00000138a76bbe64 method=java.io.WinNTFileSystem.isSlash(C)Z @ 9 c2
Event: 0.308 Thread 0x000001389ad72d50 DEOPT PACKING pc=0x00000138a76bbe64 sp=0x00000037ecffce70
Event: 0.308 Thread 0x000001389ad72d50 DEOPT UNPACKING pc=0x00000138a71669a3 sp=0x00000037ecffcdf8 mode 2

Classes unloaded (0 events):
No events

Classes redefined (0 events):
No events

Internal exceptions (17 events):
Event: 0.236 Thread 0x000001389ad72d50 Exception <a 'java/lang/NoSuchMethodError'{0x0000000088ff8490}: 'int java.lang.invoke.DirectMethodHandle$Holder.invokeStaticInit(java.lang.Object, java.lang.Object)'> (0x0000000088ff8490) 
thrown [s\src\hotspot\share\interpreter\linkResolver.cpp, line 759]
Event: 0.254 Thread 0x000001389ad72d50 Exception <a 'java/lang/NoSuchMethodError'{0x0000000088e61168}: 'java.lang.Object java.lang.invoke.DirectMethodHandle$Holder.invokeStaticInit(java.lang.Object)'> (0x0000000088e61168) 
thrown [s\src\hotspot\share\interpreter\linkResolver.cpp, line 759]
Event: 0.264 Thread 0x000001389ad72d50 Exception <a 'java/lang/NoSuchMethodError'{0x0000000088e719f0}: 'void java.lang.invoke.DirectMethodHandle$Holder.invokeStatic(java.lang.Object, java.lang.Object)'> (0x0000000088e719f0) 
thrown [s\src\hotspot\share\interpreter\linkResolver.cpp, line 759]
Event: 0.272 Thread 0x000001389ad72d50 Exception <a 'java/net/SocketException'{0x0000000088e7c910}: Socket is not connected: shutdown> (0x0000000088e7c910) 
thrown [s\src\hotspot\share\prims\jni.cpp, line 535]
Event: 0.272 Thread 0x000001389ad72d50 Exception <a 'java/net/SocketException'{0x0000000088e7cf88}: Socket is not connected: shutdown> (0x0000000088e7cf88) 
thrown [s\src\hotspot\share\prims\jni.cpp, line 535]
Event: 0.300 Thread 0x000001389ad72d50 Exception <a 'java/lang/NoSuchMethodError'{0x0000000088d7e5a0}: 'void java.lang.invoke.DirectMethodHandle$Holder.invokeStaticInit(java.lang.Object, java.lang.Object)'> (0x0000000088d7e5a0) 
thrown [s\src\hotspot\share\interpreter\linkResolver.cpp, line 759]
Event: 0.320 Thread 0x000001389ad72d50 Exception <a 'java/lang/NoSuchMethodError'{0x0000000088c10e48}: 'java.lang.Object java.lang.invoke.DirectMethodHandle$Holder.invokeInterface(java.lang.Object, java.lang.Object)'> (0x0000000088c10e48) 
thrown [s\src\hotspot\share\interpreter\linkResolver.cpp, line 759]
Event: 0.325 Thread 0x000001389ad72d50 Exception <a 'java/lang/NoSuchMethodError'{0x0000000088c278f0}: 'java.lang.Object java.lang.invoke.DirectMethodHandle$Holder.invokeSpecialIFC(java.lang.Object, java.lang.Object, java.lang.Object, java.lang.Object)'> (0x0000000088c278f0) 
thrown [s\src\hotspot\share\interpreter\linkResolver.cpp, line 759]
Event: 0.368 Thread 0x000001389ad72d50 Exception <a 'java/lang/NoSuchMethodError'{0x0000000088bd8b30}: 'java.lang.Object java.lang.invoke.DirectMethodHandle$Holder.invokeStatic(java.lang.Object, java.lang.Object, int)'> (0x0000000088bd8b30) 
thrown [s\src\hotspot\share\interpreter\linkResolver.cpp, line 759]
Event: 0.368 Thread 0x000001389ad72d50 Exception <a 'java/lang/NoSuchMethodError'{0x0000000088bdc550}: 'java.lang.Object java.lang.invoke.DirectMethodHandle$Holder.invokeStaticInit(java.lang.Object, java.lang.Object, int)'> (0x0000000088bdc550) 
thrown [s\src\hotspot\share\interpreter\linkResolver.cpp, line 759]
Event: 0.369 Thread 0x000001389ad72d50 Exception <a 'java/lang/NoSuchMethodError'{0x0000000088be29b8}: 'java.lang.Object java.lang.invoke.DirectMethodHandle$Holder.newInvokeSpecial(java.lang.Object, java.lang.Object, int)'> (0x0000000088be29b8) 
thrown [s\src\hotspot\share\interpreter\linkResolver.cpp, line 759]
Event: 0.370 Thread 0x000001389ad72d50 Exception <a 'java/lang/NoSuchMethodError'{0x0000000088bed118}: 'int java.lang.invoke.DirectMethodHandle$Holder.invokeStaticInit(java.lang.Object, java.lang.Object, java.lang.Object)'> (0x0000000088bed118) 
thrown [s\src\hotspot\share\interpreter\linkResolver.cpp, line 759]
Event: 0.372 Thread 0x000001389ad72d50 Exception <a 'java/lang/NoSuchMethodError'{0x0000000088bfd120}: 'int java.lang.invoke.DirectMethodHandle$Holder.invokeSpecial(java.lang.Object, java.lang.Object, java.lang.Object)'> (0x0000000088bfd120) 
thrown [s\src\hotspot\share\interpreter\linkResolver.cpp, line 759]
Event: 0.374 Thread 0x000001389ad72d50 Exception <a 'java/lang/NoSuchMethodError'{0x0000000088a05988}: 'int java.lang.invoke.DirectMethodHandle$Holder.invokeSpecialIFC(java.lang.Object, java.lang.Object, java.lang.Object)'> (0x0000000088a05988) 
thrown [s\src\hotspot\share\interpreter\linkResolver.cpp, line 759]
Event: 0.425 Thread 0x000001389ad72d50 Exception <a 'sun/nio/fs/WindowsException'{0x00000000889b9cf0}> (0x00000000889b9cf0) 
thrown [s\src\hotspot\share\prims\jni.cpp, line 516]
Event: 0.433 Thread 0x000001389ad72d50 Exception <a 'java/lang/NoSuchMethodError'{0x00000000889ddee8}: 'int java.lang.invoke.DirectMethodHandle$Holder.invokeStaticInit(java.lang.Object, java.lang.Object, java.lang.Object, java.lang.Object)'> (0x00000000889ddee8) 
thrown [s\src\hotspot\share\interpreter\linkResolver.cpp, line 759]
Event: 0.434 Thread 0x000001389ad72d50 Exception <a 'java/lang/IncompatibleClassChangeError'{0x00000000889e7108}: Found class java.lang.Object, but interface was expected> (0x00000000889e7108) 
thrown [s\src\hotspot\share\interpreter\linkResolver.cpp, line 826]

VM Operations (10 events):
Event: 0.141 Executing VM operation: HandshakeAllThreads
Event: 0.141 Executing VM operation: HandshakeAllThreads done
Event: 0.260 Executing VM operation: HandshakeAllThreads
Event: 0.260 Executing VM operation: HandshakeAllThreads done
Event: 0.308 Executing VM operation: HandshakeAllThreads
Event: 0.308 Executing VM operation: HandshakeAllThreads done
Event: 0.354 Executing VM operation: HandshakeAllThreads
Event: 0.354 Executing VM operation: HandshakeAllThreads done
Event: 0.389 Executing VM operation: HandshakeAllThreads
Event: 0.389 Executing VM operation: HandshakeAllThreads done

Events (20 events):
Event: 0.472 loading class sun/security/x509/X500Name done
Event: 0.473 loading class sun/security/x509/X500Name$1
Event: 0.473 loading class sun/security/x509/X500Name$1 done
Event: 0.473 loading class javax/security/auth/x500/X500Principal
Event: 0.473 loading class javax/security/auth/x500/X500Principal done
Event: 0.473 loading class sun/security/x509/RDN
Event: 0.473 loading class sun/security/x509/RDN done
Event: 0.473 loading class sun/security/x509/AVA
Event: 0.473 loading class sun/security/x509/AVA done
Event: 0.474 loading class sun/security/x509/CertificateValidity
Event: 0.474 loading class sun/security/x509/CertificateValidity done
Event: 0.474 loading class sun/util/calendar/Gregorian$Date
Event: 0.474 loading class sun/util/calendar/BaseCalendar$Date
Event: 0.474 loading class sun/util/calendar/CalendarDate
Event: 0.474 loading class sun/util/calendar/CalendarDate done
Event: 0.474 loading class sun/util/calendar/BaseCalendar$Date done
Event: 0.474 loading class sun/util/calendar/Gregorian$Date done
Event: 0.474 loading class sun/util/calendar/CalendarUtils
Event: 0.474 loading class sun/util/calendar/CalendarUtils done
Event: 0.474 loading class sun/security/x509/CertificateX509Key


Dynamic libraries:
0x00007ff7b9630000 - 0x00007ff7b963e000 	C:\Users\Windows 10\Downloads\eclipse-java-2023-09-R-win32-x86_64\plugins\org.eclipse.justj.openjdk.hotspot.jre.full.win32.x86_64_17.0.8.v20230831-1047\jre\bin\javaw.exe
0x00007ffdcbd10000 - 0x00007ffdcbf08000 	C:\WINDOWS\SYSTEM32\ntdll.dll
0x00007ffdcaab0000 - 0x00007ffdcab6d000 	C:\WINDOWS\System32\KERNEL32.DLL
0x00007ffdc9780000 - 0x00007ffdc9a76000 	C:\WINDOWS\System32\KERNELBASE.dll
0x00007ffdc93f0000 - 0x00007ffdc94f0000 	C:\WINDOWS\System32\ucrtbase.dll
0x00007ffdc0320000 - 0x00007ffdc0337000 	C:\Users\Windows 10\Downloads\eclipse-java-2023-09-R-win32-x86_64\plugins\org.eclipse.justj.openjdk.hotspot.jre.full.win32.x86_64_17.0.8.v20230831-1047\jre\bin\jli.dll
0x00007ffdc00e0000 - 0x00007ffdc00f9000 	C:\Users\Windows 10\Downloads\eclipse-java-2023-09-R-win32-x86_64\plugins\org.eclipse.justj.openjdk.hotspot.jre.full.win32.x86_64_17.0.8.v20230831-1047\jre\bin\VCRUNTIME140.dll
0x00007ffdcbad0000 - 0x00007ffdcbc6e000 	C:\WINDOWS\System32\USER32.dll
0x00007ffdc9630000 - 0x00007ffdc9652000 	C:\WINDOWS\System32\win32u.dll
0x00007ffdb2af0000 - 0x00007ffdb2d8a000 	C:\WINDOWS\WinSxS\amd64_microsoft.windows.common-controls_6595b64144ccf1df_6.0.19041.3636_none_60b6a03d71f818d5\COMCTL32.dll
0x00007ffdca6e0000 - 0x00007ffdca70c000 	C:\WINDOWS\System32\GDI32.dll
0x00007ffdca8e0000 - 0x00007ffdca97e000 	C:\WINDOWS\System32\msvcrt.dll
0x00007ffdc9660000 - 0x00007ffdc977a000 	C:\WINDOWS\System32\gdi32full.dll
0x00007ffdc9590000 - 0x00007ffdc962d000 	C:\WINDOWS\System32\msvcp_win.dll
0x00007ffdc9f30000 - 0x00007ffdc9f60000 	C:\WINDOWS\System32\IMM32.DLL
0x00007ffdc3fa0000 - 0x00007ffdc3fac000 	C:\Users\Windows 10\Downloads\eclipse-java-2023-09-R-win32-x86_64\plugins\org.eclipse.justj.openjdk.hotspot.jre.full.win32.x86_64_17.0.8.v20230831-1047\jre\bin\vcruntime140_1.dll
0x00007ffd9d300000 - 0x00007ffd9d391000 	C:\Users\Windows 10\Downloads\eclipse-java-2023-09-R-win32-x86_64\plugins\org.eclipse.justj.openjdk.hotspot.jre.full.win32.x86_64_17.0.8.v20230831-1047\jre\bin\msvcp140.dll
0x00007ffd66800000 - 0x00007ffd6744c000 	C:\Users\Windows 10\Downloads\eclipse-java-2023-09-R-win32-x86_64\plugins\org.eclipse.justj.openjdk.hotspot.jre.full.win32.x86_64_17.0.8.v20230831-1047\jre\bin\server\jvm.dll
0x00007ffdca980000 - 0x00007ffdcaa2f000 	C:\WINDOWS\System32\ADVAPI32.dll
0x00007ffdc9e30000 - 0x00007ffdc9ecc000 	C:\WINDOWS\System32\sechost.dll
0x00007ffdcaca0000 - 0x00007ffdcadc6000 	C:\WINDOWS\System32\RPCRT4.dll
0x00007ffdc89a0000 - 0x00007ffdc89eb000 	C:\WINDOWS\SYSTEM32\POWRPROF.dll
0x00007ffdb4be0000 - 0x00007ffdb4be9000 	C:\WINDOWS\SYSTEM32\WSOCK32.dll
0x00007ffdb29a0000 - 0x00007ffdb29c7000 	C:\WINDOWS\SYSTEM32\WINMM.dll
0x00007ffdcaa40000 - 0x00007ffdcaaab000 	C:\WINDOWS\System32\WS2_32.dll
0x00007ffdc0ee0000 - 0x00007ffdc0eea000 	C:\WINDOWS\SYSTEM32\VERSION.dll
0x00007ffdc8970000 - 0x00007ffdc8982000 	C:\WINDOWS\SYSTEM32\UMPDC.dll
0x00007ffdc7c90000 - 0x00007ffdc7ca2000 	C:\WINDOWS\SYSTEM32\kernel.appcore.dll
0x00007ffdc3fd0000 - 0x00007ffdc3fda000 	C:\Users\Windows 10\Downloads\eclipse-java-2023-09-R-win32-x86_64\plugins\org.eclipse.justj.openjdk.hotspot.jre.full.win32.x86_64_17.0.8.v20230831-1047\jre\bin\jimage.dll
0x00007ffdc7970000 - 0x00007ffdc7b54000 	C:\WINDOWS\SYSTEM32\DBGHELP.DLL
0x00007ffdb7280000 - 0x00007ffdb72b4000 	C:\WINDOWS\SYSTEM32\dbgcore.DLL
0x00007ffdc9ad0000 - 0x00007ffdc9b52000 	C:\WINDOWS\System32\bcryptPrimitives.dll
0x00007ffdc0340000 - 0x00007ffdc0365000 	C:\Users\Windows 10\Downloads\eclipse-java-2023-09-R-win32-x86_64\plugins\org.eclipse.justj.openjdk.hotspot.jre.full.win32.x86_64_17.0.8.v20230831-1047\jre\bin\java.dll
0x00007ffdc3fb0000 - 0x00007ffdc3fc8000 	C:\Users\Windows 10\Downloads\eclipse-java-2023-09-R-win32-x86_64\plugins\org.eclipse.justj.openjdk.hotspot.jre.full.win32.x86_64_17.0.8.v20230831-1047\jre\bin\zip.dll
0x00007ffdcb300000 - 0x00007ffdcba44000 	C:\WINDOWS\System32\SHELL32.dll
0x00007ffdc7100000 - 0x00007ffdc789b000 	C:\WINDOWS\SYSTEM32\windows.storage.dll
0x00007ffdcafa0000 - 0x00007ffdcb2f4000 	C:\WINDOWS\System32\combase.dll
0x00007ffdc8e30000 - 0x00007ffdc8e5d000 	C:\WINDOWS\SYSTEM32\Wldp.dll
0x00007ffdc9d80000 - 0x00007ffdc9e2d000 	C:\WINDOWS\System32\SHCORE.dll
0x00007ffdcbc70000 - 0x00007ffdcbcc5000 	C:\WINDOWS\System32\shlwapi.dll
0x00007ffdc9320000 - 0x00007ffdc9345000 	C:\WINDOWS\SYSTEM32\profapi.dll
0x00007ffdc21d0000 - 0x00007ffdc21e9000 	C:\Users\Windows 10\Downloads\eclipse-java-2023-09-R-win32-x86_64\plugins\org.eclipse.justj.openjdk.hotspot.jre.full.win32.x86_64_17.0.8.v20230831-1047\jre\bin\net.dll
0x00007ffdc2760000 - 0x00007ffdc286a000 	C:\WINDOWS\SYSTEM32\WINHTTP.dll
0x00007ffdc8b90000 - 0x00007ffdc8bfa000 	C:\WINDOWS\system32\mswsock.dll
0x00007ffdb5080000 - 0x00007ffdb5095000 	C:\Users\Windows 10\Downloads\eclipse-java-2023-09-R-win32-x86_64\plugins\org.eclipse.justj.openjdk.hotspot.jre.full.win32.x86_64_17.0.8.v20230831-1047\jre\bin\nio.dll
0x00007ffdc8850000 - 0x00007ffdc891a000 	C:\WINDOWS\SYSTEM32\DNSAPI.dll
0x00007ffdc8810000 - 0x00007ffdc884b000 	C:\WINDOWS\SYSTEM32\IPHLPAPI.DLL
0x00007ffdcaa30000 - 0x00007ffdcaa38000 	C:\WINDOWS\System32\NSI.dll
0x00007ffdbb810000 - 0x00007ffdbb81a000 	C:\Windows\System32\rasadhlp.dll
0x00007ffdbb830000 - 0x00007ffdbb8b0000 	C:\WINDOWS\System32\fwpuclnt.dll
0x00007ffdc94f0000 - 0x00007ffdc9517000 	C:\WINDOWS\System32\bcrypt.dll

dbghelp: loaded successfully - version: 4.0.5 - missing functions: none
symbol engine: initialized successfully - sym options: 0x614 - pdb path: .;C:\Users\Windows 10\Downloads\eclipse-java-2023-09-R-win32-x86_64\plugins\org.eclipse.justj.openjdk.hotspot.jre.full.win32.x86_64_17.0.8.v20230831-1047\jre\bin;C:\WINDOWS\SYSTEM32;C:\WINDOWS\WinSxS\amd64_microsoft.windows.common-controls_6595b64144ccf1df_6.0.19041.3636_none_60b6a03d71f818d5;C:\Users\Windows 10\Downloads\eclipse-java-2023-09-R-win32-x86_64\plugins\org.eclipse.justj.openjdk.hotspot.jre.full.win32.x86_64_17.0.8.v20230831-1047\jre\bin\server

VM Arguments:
jvm_args: -Dfile.encoding=UTF-8 -Dstdout.encoding=UTF-8 -Dstderr.encoding=UTF-8 -XX:+ShowCodeDetailsInExceptionMessages 
java_command: edureka.demo
java_class_path (initial): C:\Users\Windows 10\git\Seleniumdemoedureka\bin;C:\Selenium webdriver\selenium-java-4.15.0\lib\auto-service-annotations-1.1.1.jar;C:\Selenium webdriver\selenium-java-4.15.0\lib\byte-buddy-1.14.5.jar;C:\Selenium webdriver\selenium-java-4.15.0\lib\checker-qual-3.33.0.jar;C:\Selenium webdriver\selenium-java-4.15.0\lib\commons-exec-1.3.jar;C:\Selenium webdriver\selenium-java-4.15.0\lib\error_prone_annotations-2.18.0.jar;C:\Selenium webdriver\selenium-java-4.15.0\lib\failsafe-3.3.2.jar;C:\Selenium webdriver\selenium-java-4.15.0\lib\failureaccess-1.0.1.jar;C:\Selenium webdriver\selenium-java-4.15.0\lib\guava-32.1.2-jre.jar;C:\Selenium webdriver\selenium-java-4.15.0\lib\j2objc-annotations-2.8.jar;C:\Selenium webdriver\selenium-java-4.15.0\lib\jsr305-3.0.2.jar;C:\Selenium webdriver\selenium-java-4.15.0\lib\listenablefuture-9999.0-empty-to-avoid-conflict-with-guava.jar;C:\Selenium webdriver\selenium-java-4.15.0\lib\opentelemetry-api-1.28.0.jar;C:\Selenium webdriver\selenium-java-4.15.0\lib\opentelemetry-api-events-1.28.0-alpha.jar;C:\Selenium webdriver\selenium-java-4.15.0\lib\opentelemetry-context-1.28.0.jar;C:\Selenium webdriver\selenium-java-4.15.0\lib\opentelemetry-exporter-logging-1.28.0.jar;C:\Selenium webdriver\selenium-java-4.15.0\lib\opentelemetry-extension-incubator-1.28.0-alpha.jar;C:\Selenium webdriver\selenium-java-4.15.0\lib\opentelemetry-sdk-1.28.0.jar;C:\Selenium webdriver\selenium-java-4.15.0\lib\opentelemetry-sdk-common-1.28.0.jar;C:\Selenium webdriver\selenium-java-4.15.0\lib\opentelemetry-sdk-extension-autoconfigure-1.28.0.jar;C:\Selenium webdriver\selenium-java-4.15.0\lib\opentelemetry-sdk-extension-autoconfigure-spi-1.28.0.jar;C:\Selenium webdriver\selenium-java-4.15.0\lib\opentelemetry-sdk-logs-1.28.0.jar;C:\Selenium webdriver\selenium-java-4.15.0\lib\opentelemetry-sdk-metrics-1.28.0.jar;C:\Selenium webdriver\selenium-java-4.15.0\lib\opentelemetry-sdk-trace-1.28.0.jar;C:\Selenium webdriver\selenium-java-4.15.0\lib\opentelem
Launcher Type: SUN_STANDARD

[Global flags]
     intx CICompilerCount                          = 4                                         {product} {ergonomic}
     uint ConcGCThreads                            = 2                                         {product} {ergonomic}
     uint G1ConcRefinementThreads                  = 8                                         {product} {ergonomic}
   size_t G1HeapRegionSize                         = 1048576                                   {product} {ergonomic}
    uintx GCDrainStackTargetSize                   = 64                                        {product} {ergonomic}
   size_t InitialHeapSize                          = 134217728                                 {product} {ergonomic}
   size_t MarkStackSize                            = 4194304                                   {product} {ergonomic}
   size_t MaxHeapSize                              = 2126512128                                {product} {ergonomic}
   size_t MaxNewSize                               = 1275068416                                {product} {ergonomic}
   size_t MinHeapDeltaBytes                        = 1048576                                   {product} {ergonomic}
   size_t MinHeapSize                              = 8388608                                   {product} {ergonomic}
    uintx NonNMethodCodeHeapSize                   = 5839372                                {pd product} {ergonomic}
    uintx NonProfiledCodeHeapSize                  = 122909434                              {pd product} {ergonomic}
    uintx ProfiledCodeHeapSize                     = 122909434                              {pd product} {ergonomic}
    uintx ReservedCodeCacheSize                    = 251658240                              {pd product} {ergonomic}
     bool SegmentedCodeCache                       = true                                      {product} {ergonomic}
     bool ShowCodeDetailsInExceptionMessages       = true                                   {manageable} {command line}
   size_t SoftMaxHeapSize                          = 2126512128                             {manageable} {ergonomic}
     bool UseCompressedClassPointers               = true                           {product lp64_product} {ergonomic}
     bool UseCompressedOops                        = true                           {product lp64_product} {ergonomic}
     bool UseG1GC                                  = true                                      {product} {ergonomic}
     bool UseLargePagesIndividualAllocation        = false                                  {pd product} {ergonomic}

Logging:
Log output configuration:
 #0: stdout all=warning uptime,level,tags
 #1: stderr all=off uptime,level,tags

Environment Variables:
PATH=C:/Users/Windows 10/Downloads/eclipse-java-2023-09-R-win32-x86_64//plugins/org.eclipse.justj.openjdk.hotspot.jre.full.win32.x86_64_17.0.8.v20230831-1047/jre/bin/server;C:/Users/Windows 10/Downloads/eclipse-java-2023-09-R-win32-x86_64//plugins/org.eclipse.justj.openjdk.hotspot.jre.full.win32.x86_64_17.0.8.v20230831-1047/jre/bin;C:\Program Files\Common Files\Oracle\Java\javapath;C:\Python312\Scripts\;C:\Python312\;C:\Program Files (x86)\NVIDIA Corporation\PhysX\Common;C:\Program Files (x86)\Common Files\Intel\Shared Files\cpp\bin\Intel64;C:\WINDOWS\system32;C:\WINDOWS;C:\WINDOWS\System32\Wbem;C:\WINDOWS\System32\WindowsPowerShell\v1.0\;C:\Windows\IsmFiles;C:\Program Files (x86)\Windows Kits\8.1\Windows Performance Toolkit\;C:\WINDOWS\System32\OpenSSH\;C:\Program Files\Git\cmd;C:\Program Files\nodejs\;C:\ProgramData\chocolatey\bin;C:\Users\Windows 10\AppData\Local\Programs\Python\Python310\Scripts\;C:\Users\Windows 10\AppData\Local\Programs\Python\Python310\;C:\Users\Windows 10\AppData\Local\Microsoft\WindowsApps;;C:\Users\Windows 10\AppData\Local\Programs\Microsoft VS Code\bin;C:\Users\Windows 10\AppData\Roaming\npm;C:\Users\Windows 10\Downloads\eclipse-java-2023-09-R-win32-x86_64;
USERNAME=Windows 10
OS=Windows_NT
PROCESSOR_IDENTIFIER=Intel64 Family 6 Model 142 Stepping 10, GenuineIntel
TMP=C:\Users\WINDOW~1\AppData\Local\Temp
TEMP=C:\Users\WINDOW~1\AppData\Local\Temp



---------------  S Y S T E M  ---------------

OS:
 Windows 10 , 64 bit Build 19041 (10.0.19041.3636)
OS uptime: 0 days 3:32 hours

CPU: total 8 (initial active 8) (4 cores per cpu, 2 threads per core) family 6 model 142 stepping 10 microcode 0xb4, cx8, cmov, fxsr, ht, mmx, 3dnowpref, sse, sse2, sse3, ssse3, sse4.1, sse4.2, popcnt, lzcnt, tsc, tscinvbit, avx, avx2, aes, erms, clmul, bmi1, bmi2, adx, fma, vzeroupper, clflush, clflushopt
Processor Information for all 8 processors :
  Max Mhz: 1801, Current Mhz: 1801, Mhz Limit: 1801

Memory: 4k page, system-wide physical 8108M (1150M free)
TotalPageFile size 8108M (AvailPageFile size 5M)
current process WorkingSet (physical memory assigned to process): 66M, peak: 66M
current process commit charge ("private bytes"): 222M, peak: 222M

vm_info: OpenJDK 64-Bit Server VM (17.0.8.1+1) for windows-amd64 JRE (17.0.8.1+1), built on Aug 23 2023 15:29:17 by "admin" with MS VC++ 16.7 (VS2019)

END.
